{"C:\\Users\\MSI\\serviciotecnico-v28\\backend\\app.js": {"path":"C:\\Users\\MSI\\serviciotecnico-v28\\backend\\app.js","statementMap":{"0":{"start":{"line":2,"column":0},"end":{"line":2,"column":33}},"1":{"start":{"line":4,"column":13},"end":{"line":4,"column":28}},"2":{"start":{"line":5,"column":16},"end":{"line":5,"column":34}},"3":{"start":{"line":6,"column":13},"end":{"line":6,"column":28}},"4":{"start":{"line":7,"column":15},"end":{"line":7,"column":32}},"5":{"start":{"line":8,"column":21},"end":{"line":8,"column":45}},"6":{"start":{"line":11,"column":16},"end":{"line":11,"column":70}},"7":{"start":{"line":12,"column":0},"end":{"line":12,"column":58}},"8":{"start":{"line":14,"column":20},"end":{"line":17,"column":1}},"9":{"start":{"line":20,"column":12},"end":{"line":20,"column":21}},"10":{"start":{"line":21,"column":0},"end":{"line":21,"column":27}},"11":{"start":{"line":22,"column":0},"end":{"line":22,"column":24}},"12":{"start":{"line":23,"column":0},"end":{"line":23,"column":24}},"13":{"start":{"line":26,"column":19},"end":{"line":26,"column":47}},"14":{"start":{"line":27,"column":21},"end":{"line":27,"column":54}},"15":{"start":{"line":28,"column":22},"end":{"line":28,"column":58}},"16":{"start":{"line":29,"column":25},"end":{"line":29,"column":54}},"17":{"start":{"line":30,"column":25},"end":{"line":30,"column":73}},"18":{"start":{"line":31,"column":23},"end":{"line":31,"column":59}},"19":{"start":{"line":33,"column":0},"end":{"line":33,"column":33}},"20":{"start":{"line":34,"column":0},"end":{"line":34,"column":38}},"21":{"start":{"line":35,"column":0},"end":{"line":35,"column":40}},"22":{"start":{"line":36,"column":0},"end":{"line":36,"column":45}},"23":{"start":{"line":37,"column":0},"end":{"line":37,"column":46}},"24":{"start":{"line":38,"column":0},"end":{"line":38,"column":41}},"25":{"start":{"line":40,"column":0},"end":{"line":40,"column":21}}},"fnMap":{},"branchMap":{"0":{"loc":{"start":{"line":11,"column":16},"end":{"line":11,"column":70}},"type":"cond-expr","locations":[{"start":{"line":11,"column":50},"end":{"line":11,"column":61}},{"start":{"line":11,"column":64},"end":{"line":11,"column":70}}],"line":11}},"s":{"0":1,"1":1,"2":1,"3":1,"4":1,"5":1,"6":1,"7":1,"8":1,"9":1,"10":1,"11":1,"12":1,"13":1,"14":1,"15":1,"16":1,"17":1,"18":1,"19":1,"20":1,"21":1,"22":1,"23":1,"24":1,"25":1},"f":{},"b":{"0":[1,0]},"_coverageSchema":"1a1c01bbd47fc00a2c39e90264f33305004495a9","hash":"1c82e5017c592d81c4ff31a9b22e3712675b83d6"}
,"C:\\Users\\MSI\\serviciotecnico-v28\\backend\\__tests__\\helpers\\crearClienteTest.js": {"path":"C:\\Users\\MSI\\serviciotecnico-v28\\backend\\__tests__\\helpers\\crearClienteTest.js","statementMap":{"0":{"start":{"line":2,"column":16},"end":{"line":2,"column":36}},"1":{"start":{"line":3,"column":12},"end":{"line":3,"column":26}},"2":{"start":{"line":11,"column":25},"end":{"line":31,"column":1}},"3":{"start":{"line":12,"column":22},"end":{"line":19,"column":3}},"4":{"start":{"line":21,"column":14},"end":{"line":24,"column":22}},"5":{"start":{"line":26,"column":2},"end":{"line":28,"column":3}},"6":{"start":{"line":27,"column":4},"end":{"line":27,"column":70}},"7":{"start":{"line":30,"column":2},"end":{"line":30,"column":34}},"8":{"start":{"line":33,"column":0},"end":{"line":33,"column":34}}},"fnMap":{"0":{"name":"(anonymous_0)","decl":{"start":{"line":11,"column":25},"end":{"line":11,"column":26}},"loc":{"start":{"line":11,"column":59},"end":{"line":31,"column":1}},"line":11}},"branchMap":{"0":{"loc":{"start":{"line":11,"column":40},"end":{"line":11,"column":54}},"type":"default-arg","locations":[{"start":{"line":11,"column":52},"end":{"line":11,"column":54}}],"line":11},"1":{"loc":{"start":{"line":26,"column":2},"end":{"line":28,"column":3}},"type":"if","locations":[{"start":{"line":26,"column":2},"end":{"line":28,"column":3}},{"start":{},"end":{}}],"line":26}},"s":{"0":1,"1":1,"2":1,"3":8,"4":8,"5":8,"6":0,"7":8,"8":1},"f":{"0":8},"b":{"0":[8],"1":[0,8]},"_coverageSchema":"1a1c01bbd47fc00a2c39e90264f33305004495a9","hash":"241b4f2ee2e681ee2990c4ca07e61e5a244c33af"}
,"C:\\Users\\MSI\\serviciotecnico-v28\\backend\\__tests__\\helpers\\crearUsuarioYLogin.js": {"path":"C:\\Users\\MSI\\serviciotecnico-v28\\backend\\__tests__\\helpers\\crearUsuarioYLogin.js","statementMap":{"0":{"start":{"line":1,"column":16},"end":{"line":1,"column":36}},"1":{"start":{"line":2,"column":12},"end":{"line":2,"column":32}},"2":{"start":{"line":3,"column":16},"end":{"line":3,"column":42}},"3":{"start":{"line":5,"column":27},"end":{"line":38,"column":1}},"4":{"start":{"line":11,"column":2},"end":{"line":11,"column":54}},"5":{"start":{"line":14,"column":18},"end":{"line":19,"column":4}},"6":{"start":{"line":21,"column":2},"end":{"line":21,"column":56}},"7":{"start":{"line":23,"column":14},"end":{"line":25,"column":30}},"8":{"start":{"line":27,"column":2},"end":{"line":27,"column":60}},"9":{"start":{"line":28,"column":2},"end":{"line":28,"column":52}},"10":{"start":{"line":29,"column":2},"end":{"line":29,"column":56}},"11":{"start":{"line":31,"column":2},"end":{"line":33,"column":3}},"12":{"start":{"line":32,"column":4},"end":{"line":32,"column":58}},"13":{"start":{"line":35,"column":17},"end":{"line":35,"column":42}},"14":{"start":{"line":37,"column":2},"end":{"line":37,"column":29}},"15":{"start":{"line":40,"column":0},"end":{"line":40,"column":36}}},"fnMap":{"0":{"name":"(anonymous_0)","decl":{"start":{"line":5,"column":27},"end":{"line":5,"column":28}},"loc":{"start":{"line":10,"column":11},"end":{"line":38,"column":1}},"line":10}},"branchMap":{"0":{"loc":{"start":{"line":5,"column":34},"end":{"line":10,"column":6}},"type":"default-arg","locations":[{"start":{"line":10,"column":4},"end":{"line":10,"column":6}}],"line":5},"1":{"loc":{"start":{"line":6,"column":2},"end":{"line":6,"column":25}},"type":"default-arg","locations":[{"start":{"line":6,"column":11},"end":{"line":6,"column":25}}],"line":6},"2":{"loc":{"start":{"line":7,"column":2},"end":{"line":7,"column":42}},"type":"default-arg","locations":[{"start":{"line":7,"column":10},"end":{"line":7,"column":42}}],"line":7},"3":{"loc":{"start":{"line":8,"column":2},"end":{"line":8,"column":21}},"type":"default-arg","locations":[{"start":{"line":8,"column":13},"end":{"line":8,"column":21}}],"line":8},"4":{"loc":{"start":{"line":9,"column":2},"end":{"line":9,"column":24}},"type":"default-arg","locations":[{"start":{"line":9,"column":9},"end":{"line":9,"column":24}}],"line":9},"5":{"loc":{"start":{"line":31,"column":2},"end":{"line":33,"column":3}},"type":"if","locations":[{"start":{"line":31,"column":2},"end":{"line":33,"column":3}},{"start":{},"end":{}}],"line":31}},"s":{"0":1,"1":1,"2":1,"3":1,"4":1,"5":1,"6":1,"7":1,"8":1,"9":1,"10":1,"11":1,"12":0,"13":1,"14":1,"15":1},"f":{"0":1},"b":{"0":[0],"1":[0],"2":[0],"3":[0],"4":[0],"5":[0,1]},"_coverageSchema":"1a1c01bbd47fc00a2c39e90264f33305004495a9","hash":"fad8d443aeff60fdafad50df797a243e932e1223"}
,"C:\\Users\\MSI\\serviciotecnico-v28\\backend\\controllers\\authController.js": {"path":"C:\\Users\\MSI\\serviciotecnico-v28\\backend\\controllers\\authController.js","statementMap":{"0":{"start":{"line":1,"column":17},"end":{"line":1,"column":53}},"1":{"start":{"line":2,"column":26},"end":{"line":2,"column":58}},"2":{"start":{"line":4,"column":0},"end":{"line":8,"column":2}}},"fnMap":{},"branchMap":{},"s":{"0":1,"1":1,"2":1},"f":{},"b":{},"_coverageSchema":"1a1c01bbd47fc00a2c39e90264f33305004495a9","hash":"b63ea5dd2f14b6602c65f89faa00de3284b4b14f"}
,"C:\\Users\\MSI\\serviciotecnico-v28\\backend\\controllers\\clientesController.js": {"path":"C:\\Users\\MSI\\serviciotecnico-v28\\backend\\controllers\\clientesController.js","statementMap":{"0":{"start":{"line":1,"column":35},"end":{"line":1,"column":76}},"1":{"start":{"line":2,"column":31},"end":{"line":2,"column":75}},"2":{"start":{"line":3,"column":32},"end":{"line":3,"column":77}},"3":{"start":{"line":8,"column":4},"end":{"line":8,"column":49}},"4":{"start":{"line":9,"column":38},"end":{"line":9,"column":89}},"5":{"start":{"line":10,"column":34},"end":{"line":10,"column":81}},"6":{"start":{"line":12,"column":0},"end":{"line":21,"column":2}}},"fnMap":{},"branchMap":{},"s":{"0":1,"1":1,"2":1,"3":1,"4":1,"5":1,"6":1},"f":{},"b":{},"_coverageSchema":"1a1c01bbd47fc00a2c39e90264f33305004495a9","hash":"2dd6b1c61d3af2428b5366c3e5c055c5561f098c"}
,"C:\\Users\\MSI\\serviciotecnico-v28\\backend\\controllers\\codigoController.js": {"path":"C:\\Users\\MSI\\serviciotecnico-v28\\backend\\controllers\\codigoController.js","statementMap":{"0":{"start":{"line":1,"column":28},"end":{"line":1,"column":72}},"1":{"start":{"line":2,"column":23},"end":{"line":2,"column":67}},"2":{"start":{"line":4,"column":0},"end":{"line":7,"column":2}}},"fnMap":{},"branchMap":{},"s":{"0":1,"1":1,"2":1},"f":{},"b":{},"_coverageSchema":"1a1c01bbd47fc00a2c39e90264f33305004495a9","hash":"262b4051e6d7384a561a3d7cbdd6831c320660c9"}
,"C:\\Users\\MSI\\serviciotecnico-v28\\backend\\controllers\\movimientoController.js": {"path":"C:\\Users\\MSI\\serviciotecnico-v28\\backend\\controllers\\movimientoController.js","statementMap":{"0":{"start":{"line":1,"column":26},"end":{"line":1,"column":77}},"1":{"start":{"line":2,"column":24},"end":{"line":2,"column":73}},"2":{"start":{"line":4,"column":0},"end":{"line":7,"column":2}}},"fnMap":{},"branchMap":{},"s":{"0":1,"1":1,"2":1},"f":{},"b":{},"_coverageSchema":"1a1c01bbd47fc00a2c39e90264f33305004495a9","hash":"940b2b73b5d5b4f43087cbf12edea5651b9a6a15"}
,"C:\\Users\\MSI\\serviciotecnico-v28\\backend\\controllers\\usuariosControllers.js": {"path":"C:\\Users\\MSI\\serviciotecnico-v28\\backend\\controllers\\usuariosControllers.js","statementMap":{"0":{"start":{"line":1,"column":22},"end":{"line":1,"column":67}},"1":{"start":{"line":2,"column":24},"end":{"line":2,"column":71}},"2":{"start":{"line":3,"column":23},"end":{"line":3,"column":70}},"3":{"start":{"line":4,"column":28},"end":{"line":4,"column":79}},"4":{"start":{"line":5,"column":29},"end":{"line":5,"column":81}},"5":{"start":{"line":6,"column":34},"end":{"line":6,"column":81}},"6":{"start":{"line":8,"column":0},"end":{"line":15,"column":2}}},"fnMap":{},"branchMap":{},"s":{"0":1,"1":1,"2":1,"3":1,"4":1,"5":1,"6":1},"f":{},"b":{},"_coverageSchema":"1a1c01bbd47fc00a2c39e90264f33305004495a9","hash":"0213d43ca59c031d8133778bac1eeb4ea61208e9"}
,"C:\\Users\\MSI\\serviciotecnico-v28\\backend\\controllers\\admin\\superAdminController.js": {"path":"C:\\Users\\MSI\\serviciotecnico-v28\\backend\\controllers\\admin\\superAdminController.js","statementMap":{"0":{"start":{"line":1,"column":16},"end":{"line":1,"column":42}},"1":{"start":{"line":3,"column":24},"end":{"line":38,"column":1}},"2":{"start":{"line":4,"column":2},"end":{"line":37,"column":3}},"3":{"start":{"line":5,"column":40},"end":{"line":5,"column":48}},"4":{"start":{"line":7,"column":29},"end":{"line":7,"column":61}},"5":{"start":{"line":8,"column":4},"end":{"line":12,"column":5}},"6":{"start":{"line":9,"column":6},"end":{"line":11,"column":66}},"7":{"start":{"line":14,"column":28},"end":{"line":20,"column":6}},"8":{"start":{"line":22,"column":4},"end":{"line":22,"column":33}},"9":{"start":{"line":24,"column":4},"end":{"line":31,"column":7}},"10":{"start":{"line":33,"column":4},"end":{"line":33,"column":54}},"11":{"start":{"line":34,"column":4},"end":{"line":36,"column":71}},"12":{"start":{"line":40,"column":0},"end":{"line":40,"column":33}}},"fnMap":{"0":{"name":"(anonymous_0)","decl":{"start":{"line":3,"column":24},"end":{"line":3,"column":25}},"loc":{"start":{"line":3,"column":44},"end":{"line":38,"column":1}},"line":3}},"branchMap":{"0":{"loc":{"start":{"line":8,"column":4},"end":{"line":12,"column":5}},"type":"if","locations":[{"start":{"line":8,"column":4},"end":{"line":12,"column":5}},{"start":{},"end":{}}],"line":8}},"s":{"0":1,"1":1,"2":0,"3":0,"4":0,"5":0,"6":0,"7":0,"8":0,"9":0,"10":0,"11":0,"12":1},"f":{"0":0},"b":{"0":[0,0]},"_coverageSchema":"1a1c01bbd47fc00a2c39e90264f33305004495a9","hash":"8e227a7c73a57681cea308e74287462691473d18"}
,"C:\\Users\\MSI\\serviciotecnico-v28\\backend\\controllers\\auth\\authController.js": {"path":"C:\\Users\\MSI\\serviciotecnico-v28\\backend\\controllers\\auth\\authController.js","statementMap":{"0":{"start":{"line":5,"column":4},"end":{"line":5,"column":41}},"1":{"start":{"line":7,"column":14},"end":{"line":48,"column":1}},"2":{"start":{"line":8,"column":30},"end":{"line":8,"column":38}},"3":{"start":{"line":9,"column":25},"end":{"line":9,"column":42}},"4":{"start":{"line":11,"column":2},"end":{"line":20,"column":3}},"5":{"start":{"line":12,"column":23},"end":{"line":12,"column":60}},"6":{"start":{"line":13,"column":4},"end":{"line":19,"column":5}},"7":{"start":{"line":14,"column":6},"end":{"line":18,"column":9}},"8":{"start":{"line":22,"column":2},"end":{"line":47,"column":3}},"9":{"start":{"line":23,"column":31},"end":{"line":23,"column":66}},"10":{"start":{"line":24,"column":4},"end":{"line":24,"column":53}},"11":{"start":{"line":25,"column":4},"end":{"line":25,"column":59}},"12":{"start":{"line":27,"column":4},"end":{"line":32,"column":7}},"13":{"start":{"line":34,"column":4},"end":{"line":38,"column":7}},"14":{"start":{"line":40,"column":4},"end":{"line":40,"column":54}},"15":{"start":{"line":42,"column":4},"end":{"line":46,"column":7}},"16":{"start":{"line":50,"column":15},"end":{"line":63,"column":1}},"17":{"start":{"line":51,"column":2},"end":{"line":56,"column":5}},"18":{"start":{"line":58,"column":2},"end":{"line":62,"column":5}},"19":{"start":{"line":65,"column":0},"end":{"line":68,"column":2}}},"fnMap":{"0":{"name":"(anonymous_0)","decl":{"start":{"line":7,"column":14},"end":{"line":7,"column":15}},"loc":{"start":{"line":7,"column":34},"end":{"line":48,"column":1}},"line":7},"1":{"name":"(anonymous_1)","decl":{"start":{"line":50,"column":15},"end":{"line":50,"column":16}},"loc":{"start":{"line":50,"column":29},"end":{"line":63,"column":1}},"line":50}},"branchMap":{"0":{"loc":{"start":{"line":11,"column":2},"end":{"line":20,"column":3}},"type":"if","locations":[{"start":{"line":11,"column":2},"end":{"line":20,"column":3}},{"start":{},"end":{}}],"line":11},"1":{"loc":{"start":{"line":13,"column":4},"end":{"line":19,"column":5}},"type":"if","locations":[{"start":{"line":13,"column":4},"end":{"line":19,"column":5}},{"start":{},"end":{}}],"line":13},"2":{"loc":{"start":{"line":42,"column":15},"end":{"line":42,"column":34}},"type":"binary-expr","locations":[{"start":{"line":42,"column":15},"end":{"line":42,"column":27}},{"start":{"line":42,"column":31},"end":{"line":42,"column":34}}],"line":42},"3":{"loc":{"start":{"line":44,"column":15},"end":{"line":44,"column":57}},"type":"binary-expr","locations":[{"start":{"line":44,"column":15},"end":{"line":44,"column":28}},{"start":{"line":44,"column":32},"end":{"line":44,"column":57}}],"line":44}},"s":{"0":1,"1":1,"2":1,"3":1,"4":1,"5":0,"6":0,"7":0,"8":1,"9":1,"10":1,"11":1,"12":1,"13":1,"14":0,"15":0,"16":1,"17":0,"18":0,"19":1},"f":{"0":1,"1":0},"b":{"0":[0,1],"1":[0,0],"2":[0,0],"3":[0,0]},"_coverageSchema":"1a1c01bbd47fc00a2c39e90264f33305004495a9","hash":"71e116afb596fe33c6aa0d2fd378778664364fc0"}
,"C:\\Users\\MSI\\serviciotecnico-v28\\backend\\controllers\\auth\\registerController.js": {"path":"C:\\Users\\MSI\\serviciotecnico-v28\\backend\\controllers\\auth\\registerController.js","statementMap":{"0":{"start":{"line":1,"column":24},"end":{"line":1,"column":66}},"1":{"start":{"line":3,"column":17},"end":{"line":33,"column":1}},"2":{"start":{"line":5,"column":4},"end":{"line":5,"column":12}},"3":{"start":{"line":7,"column":2},"end":{"line":32,"column":3}},"4":{"start":{"line":8,"column":26},"end":{"line":16,"column":6}},"5":{"start":{"line":18,"column":4},"end":{"line":22,"column":7}},"6":{"start":{"line":24,"column":4},"end":{"line":24,"column":55}},"7":{"start":{"line":26,"column":4},"end":{"line":31,"column":7}},"8":{"start":{"line":35,"column":0},"end":{"line":35,"column":26}}},"fnMap":{"0":{"name":"(anonymous_0)","decl":{"start":{"line":3,"column":17},"end":{"line":3,"column":18}},"loc":{"start":{"line":3,"column":37},"end":{"line":33,"column":1}},"line":3}},"branchMap":{},"s":{"0":1,"1":1,"2":0,"3":0,"4":0,"5":0,"6":0,"7":0,"8":1},"f":{"0":0},"b":{},"_coverageSchema":"1a1c01bbd47fc00a2c39e90264f33305004495a9","hash":"20ff648960680c9f1665680191f926c4b38f949c"}
,"C:\\Users\\MSI\\serviciotecnico-v28\\backend\\controllers\\clientes\\calificarController.js": {"path":"C:\\Users\\MSI\\serviciotecnico-v28\\backend\\controllers\\clientes\\calificarController.js","statementMap":{"0":{"start":{"line":1,"column":32},"end":{"line":1,"column":85}},"1":{"start":{"line":2,"column":24},"end":{"line":2,"column":84}},"2":{"start":{"line":3,"column":25},"end":{"line":3,"column":69}},"3":{"start":{"line":5,"column":35},"end":{"line":33,"column":1}},"4":{"start":{"line":6,"column":2},"end":{"line":32,"column":3}},"5":{"start":{"line":7,"column":22},"end":{"line":7,"column":35}},"6":{"start":{"line":8,"column":33},"end":{"line":8,"column":73}},"7":{"start":{"line":11,"column":4},"end":{"line":19,"column":5}},"8":{"start":{"line":12,"column":6},"end":{"line":18,"column":9}},"9":{"start":{"line":21,"column":4},"end":{"line":25,"column":7}},"10":{"start":{"line":27,"column":19},"end":{"line":27,"column":72}},"11":{"start":{"line":28,"column":4},"end":{"line":31,"column":7}},"12":{"start":{"line":35,"column":0},"end":{"line":35,"column":44}}},"fnMap":{"0":{"name":"(anonymous_0)","decl":{"start":{"line":5,"column":35},"end":{"line":5,"column":36}},"loc":{"start":{"line":5,"column":55},"end":{"line":33,"column":1}},"line":5}},"branchMap":{"0":{"loc":{"start":{"line":11,"column":4},"end":{"line":19,"column":5}},"type":"if","locations":[{"start":{"line":11,"column":4},"end":{"line":19,"column":5}},{"start":{},"end":{}}],"line":11},"1":{"loc":{"start":{"line":27,"column":19},"end":{"line":27,"column":72}},"type":"cond-expr","locations":[{"start":{"line":27,"column":63},"end":{"line":27,"column":66}},{"start":{"line":27,"column":69},"end":{"line":27,"column":72}}],"line":27}},"s":{"0":1,"1":1,"2":1,"3":1,"4":1,"5":1,"6":1,"7":1,"8":1,"9":1,"10":0,"11":0,"12":1},"f":{"0":1},"b":{"0":[1,0],"1":[0,0]},"_coverageSchema":"1a1c01bbd47fc00a2c39e90264f33305004495a9","hash":"fbbcde5731ea7b2da940e258fdaaedb400aa630c"}
,"C:\\Users\\MSI\\serviciotecnico-v28\\backend\\controllers\\clientes\\crearClienteController.js": {"path":"C:\\Users\\MSI\\serviciotecnico-v28\\backend\\controllers\\clientes\\crearClienteController.js","statementMap":{"0":{"start":{"line":1,"column":12},"end":{"line":1,"column":26}},"1":{"start":{"line":2,"column":28},"end":{"line":2,"column":77}},"2":{"start":{"line":3,"column":16},"end":{"line":3,"column":42}},"3":{"start":{"line":4,"column":35},"end":{"line":4,"column":65}},"4":{"start":{"line":5,"column":24},"end":{"line":5,"column":84}},"5":{"start":{"line":6,"column":25},"end":{"line":6,"column":69}},"6":{"start":{"line":8,"column":31},"end":{"line":86,"column":1}},"7":{"start":{"line":9,"column":2},"end":{"line":85,"column":3}},"8":{"start":{"line":10,"column":29},"end":{"line":16,"column":5}},"9":{"start":{"line":17,"column":25},"end":{"line":17,"column":33}},"10":{"start":{"line":18,"column":25},"end":{"line":18,"column":27}},"11":{"start":{"line":19,"column":28},"end":{"line":19,"column":30}},"12":{"start":{"line":21,"column":4},"end":{"line":35,"column":5}},"13":{"start":{"line":22,"column":20},"end":{"line":22,"column":39}},"14":{"start":{"line":23,"column":6},"end":{"line":34,"column":7}},"15":{"start":{"line":24,"column":8},"end":{"line":30,"column":9}},"16":{"start":{"line":25,"column":10},"end":{"line":29,"column":12}},"17":{"start":{"line":31,"column":8},"end":{"line":31,"column":41}},"18":{"start":{"line":33,"column":8},"end":{"line":33,"column":36}},"19":{"start":{"line":37,"column":4},"end":{"line":45,"column":5}},"20":{"start":{"line":38,"column":6},"end":{"line":44,"column":8}},"21":{"start":{"line":47,"column":45},"end":{"line":47,"column":57}},"22":{"start":{"line":48,"column":4},"end":{"line":50,"column":5}},"23":{"start":{"line":49,"column":6},"end":{"line":49,"column":76}},"24":{"start":{"line":52,"column":22},"end":{"line":52,"column":52}},"25":{"start":{"line":53,"column":4},"end":{"line":54,"column":69}},"26":{"start":{"line":54,"column":6},"end":{"line":54,"column":69}},"27":{"start":{"line":56,"column":4},"end":{"line":64,"column":5}},"28":{"start":{"line":57,"column":25},"end":{"line":57,"column":53}},"29":{"start":{"line":58,"column":6},"end":{"line":59,"column":74}},"30":{"start":{"line":59,"column":8},"end":{"line":59,"column":74}},"31":{"start":{"line":61,"column":26},"end":{"line":61,"column":58}},"32":{"start":{"line":62,"column":6},"end":{"line":63,"column":74}},"33":{"start":{"line":63,"column":8},"end":{"line":63,"column":74}},"34":{"start":{"line":66,"column":27},"end":{"line":66,"column":62}},"35":{"start":{"line":67,"column":4},"end":{"line":68,"column":74}},"36":{"start":{"line":68,"column":6},"end":{"line":68,"column":74}},"37":{"start":{"line":70,"column":20},"end":{"line":70,"column":59}},"38":{"start":{"line":73,"column":4},"end":{"line":79,"column":7}},"39":{"start":{"line":81,"column":4},"end":{"line":81,"column":78}},"40":{"start":{"line":83,"column":4},"end":{"line":83,"column":53}},"41":{"start":{"line":84,"column":4},"end":{"line":84,"column":60}},"42":{"start":{"line":88,"column":0},"end":{"line":88,"column":40}}},"fnMap":{"0":{"name":"(anonymous_0)","decl":{"start":{"line":8,"column":31},"end":{"line":8,"column":32}},"loc":{"start":{"line":8,"column":51},"end":{"line":86,"column":1}},"line":8}},"branchMap":{"0":{"loc":{"start":{"line":23,"column":6},"end":{"line":34,"column":7}},"type":"if","locations":[{"start":{"line":23,"column":6},"end":{"line":34,"column":7}},{"start":{"line":32,"column":13},"end":{"line":34,"column":7}}],"line":23},"1":{"loc":{"start":{"line":24,"column":8},"end":{"line":30,"column":9}},"type":"if","locations":[{"start":{"line":24,"column":8},"end":{"line":30,"column":9}},{"start":{},"end":{}}],"line":24},"2":{"loc":{"start":{"line":24,"column":12},"end":{"line":24,"column":58}},"type":"binary-expr","locations":[{"start":{"line":24,"column":12},"end":{"line":24,"column":37}},{"start":{"line":24,"column":41},"end":{"line":24,"column":58}}],"line":24},"3":{"loc":{"start":{"line":37,"column":4},"end":{"line":45,"column":5}},"type":"if","locations":[{"start":{"line":37,"column":4},"end":{"line":45,"column":5}},{"start":{},"end":{}}],"line":37},"4":{"loc":{"start":{"line":48,"column":4},"end":{"line":50,"column":5}},"type":"if","locations":[{"start":{"line":48,"column":4},"end":{"line":50,"column":5}},{"start":{},"end":{}}],"line":48},"5":{"loc":{"start":{"line":48,"column":8},"end":{"line":48,"column":36}},"type":"binary-expr","locations":[{"start":{"line":48,"column":8},"end":{"line":48,"column":15}},{"start":{"line":48,"column":19},"end":{"line":48,"column":23}},{"start":{"line":48,"column":27},"end":{"line":48,"column":36}}],"line":48},"6":{"loc":{"start":{"line":53,"column":4},"end":{"line":54,"column":69}},"type":"if","locations":[{"start":{"line":53,"column":4},"end":{"line":54,"column":69}},{"start":{},"end":{}}],"line":53},"7":{"loc":{"start":{"line":56,"column":4},"end":{"line":64,"column":5}},"type":"if","locations":[{"start":{"line":56,"column":4},"end":{"line":64,"column":5}},{"start":{},"end":{}}],"line":56},"8":{"loc":{"start":{"line":58,"column":6},"end":{"line":59,"column":74}},"type":"if","locations":[{"start":{"line":58,"column":6},"end":{"line":59,"column":74}},{"start":{},"end":{}}],"line":58},"9":{"loc":{"start":{"line":62,"column":6},"end":{"line":63,"column":74}},"type":"if","locations":[{"start":{"line":62,"column":6},"end":{"line":63,"column":74}},{"start":{},"end":{}}],"line":62},"10":{"loc":{"start":{"line":67,"column":4},"end":{"line":68,"column":74}},"type":"if","locations":[{"start":{"line":67,"column":4},"end":{"line":68,"column":74}},{"start":{},"end":{}}],"line":67}},"s":{"0":1,"1":1,"2":1,"3":1,"4":1,"5":1,"6":1,"7":8,"8":8,"9":8,"10":8,"11":8,"12":8,"13":40,"14":40,"15":40,"16":0,"17":40,"18":0,"19":8,"20":0,"21":8,"22":8,"23":0,"24":8,"25":8,"26":0,"27":8,"28":8,"29":8,"30":0,"31":8,"32":8,"33":0,"34":8,"35":8,"36":0,"37":8,"38":8,"39":8,"40":0,"41":0,"42":1},"f":{"0":8},"b":{"0":[40,0],"1":[0,40],"2":[40,40],"3":[0,8],"4":[0,8],"5":[8,8,8],"6":[0,8],"7":[8,0],"8":[0,8],"9":[0,8],"10":[0,8]},"_coverageSchema":"1a1c01bbd47fc00a2c39e90264f33305004495a9","hash":"30f491d3e5d3c325220c0d7fbc44530ce6b059e7"}
,"C:\\Users\\MSI\\serviciotecnico-v28\\backend\\controllers\\clientes\\editarClienteController.js": {"path":"C:\\Users\\MSI\\serviciotecnico-v28\\backend\\controllers\\clientes\\editarClienteController.js","statementMap":{"0":{"start":{"line":1,"column":12},"end":{"line":1,"column":26}},"1":{"start":{"line":2,"column":17},"end":{"line":2,"column":36}},"2":{"start":{"line":3,"column":29},"end":{"line":3,"column":79}},"3":{"start":{"line":4,"column":35},"end":{"line":4,"column":65}},"4":{"start":{"line":5,"column":24},"end":{"line":5,"column":84}},"5":{"start":{"line":6,"column":25},"end":{"line":6,"column":69}},"6":{"start":{"line":8,"column":32},"end":{"line":77,"column":1}},"7":{"start":{"line":9,"column":2},"end":{"line":76,"column":3}},"8":{"start":{"line":10,"column":19},"end":{"line":10,"column":29}},"9":{"start":{"line":11,"column":4},"end":{"line":13,"column":5}},"10":{"start":{"line":12,"column":6},"end":{"line":12,"column":48}},"11":{"start":{"line":15,"column":29},"end":{"line":23,"column":5}},"12":{"start":{"line":25,"column":28},"end":{"line":27,"column":5}},"13":{"start":{"line":26,"column":17},"end":{"line":26,"column":50}},"14":{"start":{"line":28,"column":4},"end":{"line":36,"column":5}},"15":{"start":{"line":29,"column":6},"end":{"line":35,"column":8}},"16":{"start":{"line":38,"column":27},"end":{"line":38,"column":29}},"17":{"start":{"line":39,"column":4},"end":{"line":51,"column":5}},"18":{"start":{"line":40,"column":6},"end":{"line":50,"column":7}},"19":{"start":{"line":41,"column":22},"end":{"line":41,"column":37}},"20":{"start":{"line":42,"column":8},"end":{"line":48,"column":9}},"21":{"start":{"line":43,"column":10},"end":{"line":47,"column":12}},"22":{"start":{"line":49,"column":8},"end":{"line":49,"column":43}},"23":{"start":{"line":53,"column":4},"end":{"line":58,"column":5}},"24":{"start":{"line":54,"column":25},"end":{"line":54,"column":53}},"25":{"start":{"line":55,"column":6},"end":{"line":57,"column":7}},"26":{"start":{"line":56,"column":8},"end":{"line":56,"column":74}},"27":{"start":{"line":60,"column":20},"end":{"line":60,"column":66}},"28":{"start":{"line":63,"column":4},"end":{"line":69,"column":7}},"29":{"start":{"line":71,"column":4},"end":{"line":71,"column":79}},"30":{"start":{"line":73,"column":4},"end":{"line":73,"column":65}},"31":{"start":{"line":74,"column":19},"end":{"line":74,"column":72}},"32":{"start":{"line":75,"column":4},"end":{"line":75,"column":49}},"33":{"start":{"line":79,"column":0},"end":{"line":79,"column":41}}},"fnMap":{"0":{"name":"(anonymous_0)","decl":{"start":{"line":8,"column":32},"end":{"line":8,"column":33}},"loc":{"start":{"line":8,"column":52},"end":{"line":77,"column":1}},"line":8},"1":{"name":"(anonymous_1)","decl":{"start":{"line":26,"column":6},"end":{"line":26,"column":7}},"loc":{"start":{"line":26,"column":17},"end":{"line":26,"column":50}},"line":26}},"branchMap":{"0":{"loc":{"start":{"line":11,"column":4},"end":{"line":13,"column":5}},"type":"if","locations":[{"start":{"line":11,"column":4},"end":{"line":13,"column":5}},{"start":{},"end":{}}],"line":11},"1":{"loc":{"start":{"line":28,"column":4},"end":{"line":36,"column":5}},"type":"if","locations":[{"start":{"line":28,"column":4},"end":{"line":36,"column":5}},{"start":{},"end":{}}],"line":28},"2":{"loc":{"start":{"line":40,"column":6},"end":{"line":50,"column":7}},"type":"if","locations":[{"start":{"line":40,"column":6},"end":{"line":50,"column":7}},{"start":{},"end":{}}],"line":40},"3":{"loc":{"start":{"line":42,"column":8},"end":{"line":48,"column":9}},"type":"if","locations":[{"start":{"line":42,"column":8},"end":{"line":48,"column":9}},{"start":{},"end":{}}],"line":42},"4":{"loc":{"start":{"line":42,"column":12},"end":{"line":42,"column":58}},"type":"binary-expr","locations":[{"start":{"line":42,"column":12},"end":{"line":42,"column":37}},{"start":{"line":42,"column":41},"end":{"line":42,"column":58}}],"line":42},"5":{"loc":{"start":{"line":53,"column":4},"end":{"line":58,"column":5}},"type":"if","locations":[{"start":{"line":53,"column":4},"end":{"line":58,"column":5}},{"start":{},"end":{}}],"line":53},"6":{"loc":{"start":{"line":55,"column":6},"end":{"line":57,"column":7}},"type":"if","locations":[{"start":{"line":55,"column":6},"end":{"line":57,"column":7}},{"start":{},"end":{}}],"line":55},"7":{"loc":{"start":{"line":74,"column":19},"end":{"line":74,"column":72}},"type":"cond-expr","locations":[{"start":{"line":74,"column":63},"end":{"line":74,"column":66}},{"start":{"line":74,"column":69},"end":{"line":74,"column":72}}],"line":74}},"s":{"0":1,"1":1,"2":1,"3":1,"4":1,"5":1,"6":1,"7":1,"8":1,"9":1,"10":0,"11":1,"12":1,"13":1,"14":1,"15":0,"16":1,"17":1,"18":7,"19":1,"20":1,"21":0,"22":1,"23":1,"24":0,"25":0,"26":0,"27":1,"28":1,"29":1,"30":0,"31":0,"32":0,"33":1},"f":{"0":1,"1":1},"b":{"0":[0,1],"1":[0,1],"2":[1,6],"3":[0,1],"4":[1,1],"5":[0,1],"6":[0,0],"7":[0,0]},"_coverageSchema":"1a1c01bbd47fc00a2c39e90264f33305004495a9","hash":"ab0d785567f30b4f7fa594d682a4686d9755de4b"}
,"C:\\Users\\MSI\\serviciotecnico-v28\\backend\\controllers\\clientes\\estadoClienteController.js": {"path":"C:\\Users\\MSI\\serviciotecnico-v28\\backend\\controllers\\clientes\\estadoClienteController.js","statementMap":{"0":{"start":{"line":1,"column":17},"end":{"line":1,"column":36}},"1":{"start":{"line":6,"column":4},"end":{"line":6,"column":54}},"2":{"start":{"line":7,"column":35},"end":{"line":7,"column":65}},"3":{"start":{"line":8,"column":24},"end":{"line":8,"column":84}},"4":{"start":{"line":9,"column":25},"end":{"line":9,"column":69}},"5":{"start":{"line":11,"column":18},"end":{"line":11,"column":61}},"6":{"start":{"line":11,"column":26},"end":{"line":11,"column":61}},"7":{"start":{"line":13,"column":18},"end":{"line":39,"column":1}},"8":{"start":{"line":14,"column":2},"end":{"line":38,"column":3}},"9":{"start":{"line":15,"column":19},"end":{"line":15,"column":29}},"10":{"start":{"line":16,"column":4},"end":{"line":16,"column":66}},"11":{"start":{"line":16,"column":24},"end":{"line":16,"column":66}},"12":{"start":{"line":18,"column":22},"end":{"line":18,"column":48}},"13":{"start":{"line":19,"column":20},"end":{"line":19,"column":37}},"14":{"start":{"line":21,"column":20},"end":{"line":23,"column":42}},"15":{"start":{"line":25,"column":4},"end":{"line":33,"column":5}},"16":{"start":{"line":26,"column":6},"end":{"line":32,"column":9}},"17":{"start":{"line":35,"column":4},"end":{"line":35,"column":55}},"18":{"start":{"line":37,"column":4},"end":{"line":37,"column":46}},"19":{"start":{"line":41,"column":18},"end":{"line":67,"column":1}},"20":{"start":{"line":42,"column":2},"end":{"line":66,"column":3}},"21":{"start":{"line":43,"column":19},"end":{"line":43,"column":29}},"22":{"start":{"line":44,"column":4},"end":{"line":44,"column":66}},"23":{"start":{"line":44,"column":24},"end":{"line":44,"column":66}},"24":{"start":{"line":46,"column":22},"end":{"line":46,"column":48}},"25":{"start":{"line":47,"column":20},"end":{"line":47,"column":37}},"26":{"start":{"line":49,"column":20},"end":{"line":51,"column":42}},"27":{"start":{"line":53,"column":4},"end":{"line":61,"column":5}},"28":{"start":{"line":54,"column":6},"end":{"line":60,"column":9}},"29":{"start":{"line":63,"column":4},"end":{"line":63,"column":55}},"30":{"start":{"line":65,"column":4},"end":{"line":65,"column":46}},"31":{"start":{"line":69,"column":22},"end":{"line":95,"column":1}},"32":{"start":{"line":70,"column":2},"end":{"line":94,"column":3}},"33":{"start":{"line":71,"column":19},"end":{"line":71,"column":29}},"34":{"start":{"line":72,"column":4},"end":{"line":72,"column":66}},"35":{"start":{"line":72,"column":24},"end":{"line":72,"column":66}},"36":{"start":{"line":74,"column":22},"end":{"line":74,"column":52}},"37":{"start":{"line":75,"column":20},"end":{"line":75,"column":37}},"38":{"start":{"line":77,"column":20},"end":{"line":79,"column":50}},"39":{"start":{"line":81,"column":4},"end":{"line":89,"column":5}},"40":{"start":{"line":82,"column":6},"end":{"line":88,"column":9}},"41":{"start":{"line":91,"column":4},"end":{"line":91,"column":55}},"42":{"start":{"line":93,"column":4},"end":{"line":93,"column":46}},"43":{"start":{"line":97,"column":0},"end":{"line":101,"column":2}}},"fnMap":{"0":{"name":"(anonymous_0)","decl":{"start":{"line":11,"column":18},"end":{"line":11,"column":19}},"loc":{"start":{"line":11,"column":26},"end":{"line":11,"column":61}},"line":11},"1":{"name":"(anonymous_1)","decl":{"start":{"line":13,"column":18},"end":{"line":13,"column":19}},"loc":{"start":{"line":13,"column":38},"end":{"line":39,"column":1}},"line":13},"2":{"name":"(anonymous_2)","decl":{"start":{"line":41,"column":18},"end":{"line":41,"column":19}},"loc":{"start":{"line":41,"column":38},"end":{"line":67,"column":1}},"line":41},"3":{"name":"(anonymous_3)","decl":{"start":{"line":69,"column":22},"end":{"line":69,"column":23}},"loc":{"start":{"line":69,"column":42},"end":{"line":95,"column":1}},"line":69}},"branchMap":{"0":{"loc":{"start":{"line":16,"column":4},"end":{"line":16,"column":66}},"type":"if","locations":[{"start":{"line":16,"column":4},"end":{"line":16,"column":66}},{"start":{},"end":{}}],"line":16},"1":{"loc":{"start":{"line":21,"column":20},"end":{"line":23,"column":42}},"type":"cond-expr","locations":[{"start":{"line":22,"column":8},"end":{"line":22,"column":47}},{"start":{"line":23,"column":8},"end":{"line":23,"column":42}}],"line":21},"2":{"loc":{"start":{"line":25,"column":4},"end":{"line":33,"column":5}},"type":"if","locations":[{"start":{"line":25,"column":4},"end":{"line":33,"column":5}},{"start":{},"end":{}}],"line":25},"3":{"loc":{"start":{"line":44,"column":4},"end":{"line":44,"column":66}},"type":"if","locations":[{"start":{"line":44,"column":4},"end":{"line":44,"column":66}},{"start":{},"end":{}}],"line":44},"4":{"loc":{"start":{"line":49,"column":20},"end":{"line":51,"column":42}},"type":"cond-expr","locations":[{"start":{"line":50,"column":8},"end":{"line":50,"column":35}},{"start":{"line":51,"column":8},"end":{"line":51,"column":42}}],"line":49},"5":{"loc":{"start":{"line":53,"column":4},"end":{"line":61,"column":5}},"type":"if","locations":[{"start":{"line":53,"column":4},"end":{"line":61,"column":5}},{"start":{},"end":{}}],"line":53},"6":{"loc":{"start":{"line":72,"column":4},"end":{"line":72,"column":66}},"type":"if","locations":[{"start":{"line":72,"column":4},"end":{"line":72,"column":66}},{"start":{},"end":{}}],"line":72},"7":{"loc":{"start":{"line":77,"column":20},"end":{"line":79,"column":50}},"type":"cond-expr","locations":[{"start":{"line":78,"column":8},"end":{"line":78,"column":56}},{"start":{"line":79,"column":8},"end":{"line":79,"column":50}}],"line":77},"8":{"loc":{"start":{"line":81,"column":4},"end":{"line":89,"column":5}},"type":"if","locations":[{"start":{"line":81,"column":4},"end":{"line":89,"column":5}},{"start":{},"end":{}}],"line":81}},"s":{"0":1,"1":1,"2":1,"3":1,"4":1,"5":1,"6":3,"7":1,"8":2,"9":2,"10":2,"11":0,"12":2,"13":2,"14":2,"15":2,"16":2,"17":2,"18":0,"19":1,"20":1,"21":1,"22":1,"23":0,"24":1,"25":1,"26":1,"27":1,"28":1,"29":1,"30":0,"31":1,"32":0,"33":0,"34":0,"35":0,"36":0,"37":0,"38":0,"39":0,"40":0,"41":0,"42":0,"43":1},"f":{"0":3,"1":2,"2":1,"3":0},"b":{"0":[0,2],"1":[0,2],"2":[2,0],"3":[0,1],"4":[0,1],"5":[1,0],"6":[0,0],"7":[0,0],"8":[0,0]},"_coverageSchema":"1a1c01bbd47fc00a2c39e90264f33305004495a9","hash":"dabede897e9c5e9382e4667b6b9e7e60ede6c352"}
,"C:\\Users\\MSI\\serviciotecnico-v28\\backend\\controllers\\clientes\\obtenerClientePorIdController.js": {"path":"C:\\Users\\MSI\\serviciotecnico-v28\\backend\\controllers\\clientes\\obtenerClientePorIdController.js","statementMap":{"0":{"start":{"line":1,"column":31},"end":{"line":1,"column":83}},"1":{"start":{"line":2,"column":35},"end":{"line":2,"column":65}},"2":{"start":{"line":4,"column":38},"end":{"line":15,"column":1}},"3":{"start":{"line":5,"column":2},"end":{"line":14,"column":3}},"4":{"start":{"line":6,"column":20},"end":{"line":6,"column":71}},"5":{"start":{"line":7,"column":4},"end":{"line":7,"column":68}},"6":{"start":{"line":9,"column":4},"end":{"line":13,"column":6}},"7":{"start":{"line":17,"column":0},"end":{"line":17,"column":47}}},"fnMap":{"0":{"name":"(anonymous_0)","decl":{"start":{"line":4,"column":38},"end":{"line":4,"column":39}},"loc":{"start":{"line":4,"column":58},"end":{"line":15,"column":1}},"line":4}},"branchMap":{"0":{"loc":{"start":{"line":11,"column":6},"end":{"line":11,"column":25}},"type":"binary-expr","locations":[{"start":{"line":11,"column":6},"end":{"line":11,"column":18}},{"start":{"line":11,"column":22},"end":{"line":11,"column":25}}],"line":11},"1":{"loc":{"start":{"line":12,"column":6},"end":{"line":12,"column":49}},"type":"binary-expr","locations":[{"start":{"line":12,"column":6},"end":{"line":12,"column":19}},{"start":{"line":12,"column":23},"end":{"line":12,"column":49}}],"line":12}},"s":{"0":1,"1":1,"2":1,"3":0,"4":0,"5":0,"6":0,"7":1},"f":{"0":0},"b":{"0":[0,0],"1":[0,0]},"_coverageSchema":"1a1c01bbd47fc00a2c39e90264f33305004495a9","hash":"0b3ae37709b594a21c6ba5ea3b7dbe3605da0f71"}
,"C:\\Users\\MSI\\serviciotecnico-v28\\backend\\controllers\\clientes\\obtenerClientesController.js": {"path":"C:\\Users\\MSI\\serviciotecnico-v28\\backend\\controllers\\clientes\\obtenerClientesController.js","statementMap":{"0":{"start":{"line":1,"column":31},"end":{"line":1,"column":83}},"1":{"start":{"line":2,"column":35},"end":{"line":2,"column":65}},"2":{"start":{"line":4,"column":34},"end":{"line":29,"column":1}},"3":{"start":{"line":5,"column":2},"end":{"line":28,"column":3}},"4":{"start":{"line":7,"column":6},"end":{"line":7,"column":15}},"5":{"start":{"line":9,"column":20},"end":{"line":9,"column":22}},"6":{"start":{"line":10,"column":4},"end":{"line":10,"column":40}},"7":{"start":{"line":10,"column":16},"end":{"line":10,"column":40}},"8":{"start":{"line":11,"column":4},"end":{"line":11,"column":58}},"9":{"start":{"line":11,"column":22},"end":{"line":11,"column":58}},"10":{"start":{"line":12,"column":4},"end":{"line":12,"column":57}},"11":{"start":{"line":12,"column":16},"end":{"line":12,"column":57}},"12":{"start":{"line":14,"column":32},"end":{"line":17,"column":6}},"13":{"start":{"line":19,"column":4},"end":{"line":19,"column":51}},"14":{"start":{"line":21,"column":4},"end":{"line":21,"column":76}},"15":{"start":{"line":23,"column":4},"end":{"line":27,"column":6}},"16":{"start":{"line":31,"column":0},"end":{"line":31,"column":43}}},"fnMap":{"0":{"name":"(anonymous_0)","decl":{"start":{"line":4,"column":34},"end":{"line":4,"column":35}},"loc":{"start":{"line":4,"column":54},"end":{"line":29,"column":1}},"line":4}},"branchMap":{"0":{"loc":{"start":{"line":10,"column":4},"end":{"line":10,"column":40}},"type":"if","locations":[{"start":{"line":10,"column":4},"end":{"line":10,"column":40}},{"start":{},"end":{}}],"line":10},"1":{"loc":{"start":{"line":11,"column":4},"end":{"line":11,"column":58}},"type":"if","locations":[{"start":{"line":11,"column":4},"end":{"line":11,"column":58}},{"start":{},"end":{}}],"line":11},"2":{"loc":{"start":{"line":12,"column":4},"end":{"line":12,"column":57}},"type":"if","locations":[{"start":{"line":12,"column":4},"end":{"line":12,"column":57}},{"start":{},"end":{}}],"line":12},"3":{"loc":{"start":{"line":25,"column":6},"end":{"line":25,"column":25}},"type":"binary-expr","locations":[{"start":{"line":25,"column":6},"end":{"line":25,"column":18}},{"start":{"line":25,"column":22},"end":{"line":25,"column":25}}],"line":25},"4":{"loc":{"start":{"line":26,"column":6},"end":{"line":26,"column":50}},"type":"binary-expr","locations":[{"start":{"line":26,"column":6},"end":{"line":26,"column":19}},{"start":{"line":26,"column":23},"end":{"line":26,"column":50}}],"line":26}},"s":{"0":1,"1":1,"2":1,"3":1,"4":1,"5":1,"6":1,"7":0,"8":1,"9":0,"10":1,"11":0,"12":1,"13":1,"14":1,"15":0,"16":1},"f":{"0":1},"b":{"0":[0,1],"1":[0,1],"2":[0,1],"3":[0,0],"4":[0,0]},"_coverageSchema":"1a1c01bbd47fc00a2c39e90264f33305004495a9","hash":"e3201180044539fe84c8a96cbe462c1c11c1c4d8"}
,"C:\\Users\\MSI\\serviciotecnico-v28\\backend\\controllers\\codigos\\generarCodigoController.js": {"path":"C:\\Users\\MSI\\serviciotecnico-v28\\backend\\controllers\\codigos\\generarCodigoController.js","statementMap":{"0":{"start":{"line":1,"column":29},"end":{"line":1,"column":78}},"1":{"start":{"line":3,"column":32},"end":{"line":24,"column":1}},"2":{"start":{"line":4,"column":2},"end":{"line":23,"column":3}},"3":{"start":{"line":5,"column":24},"end":{"line":8,"column":6}},"4":{"start":{"line":10,"column":4},"end":{"line":14,"column":7}},"5":{"start":{"line":16,"column":4},"end":{"line":16,"column":55}},"6":{"start":{"line":18,"column":4},"end":{"line":22,"column":7}},"7":{"start":{"line":26,"column":0},"end":{"line":26,"column":41}}},"fnMap":{"0":{"name":"(anonymous_0)","decl":{"start":{"line":3,"column":32},"end":{"line":3,"column":33}},"loc":{"start":{"line":3,"column":52},"end":{"line":24,"column":1}},"line":3}},"branchMap":{"0":{"loc":{"start":{"line":18,"column":15},"end":{"line":18,"column":38}},"type":"binary-expr","locations":[{"start":{"line":18,"column":15},"end":{"line":18,"column":31}},{"start":{"line":18,"column":35},"end":{"line":18,"column":38}}],"line":18},"1":{"loc":{"start":{"line":20,"column":15},"end":{"line":20,"column":61}},"type":"binary-expr","locations":[{"start":{"line":20,"column":15},"end":{"line":20,"column":28}},{"start":{"line":20,"column":32},"end":{"line":20,"column":61}}],"line":20},"2":{"loc":{"start":{"line":21,"column":10},"end":{"line":21,"column":77}},"type":"binary-expr","locations":[{"start":{"line":21,"column":10},"end":{"line":21,"column":31}},{"start":{"line":21,"column":35},"end":{"line":21,"column":77}}],"line":21}},"s":{"0":1,"1":1,"2":0,"3":0,"4":0,"5":0,"6":0,"7":1},"f":{"0":0},"b":{"0":[0,0],"1":[0,0],"2":[0,0]},"_coverageSchema":"1a1c01bbd47fc00a2c39e90264f33305004495a9","hash":"1f819fb949b38ee1826fcf8dd89e56dfc62acb7e"}
,"C:\\Users\\MSI\\serviciotecnico-v28\\backend\\controllers\\codigos\\obtenerCodigoController.js": {"path":"C:\\Users\\MSI\\serviciotecnico-v28\\backend\\controllers\\codigos\\obtenerCodigoController.js","statementMap":{"0":{"start":{"line":1,"column":30},"end":{"line":1,"column":79}},"1":{"start":{"line":2,"column":21},"end":{"line":2,"column":45}},"2":{"start":{"line":4,"column":23},"end":{"line":19,"column":1}},"3":{"start":{"line":5,"column":2},"end":{"line":18,"column":3}},"4":{"start":{"line":6,"column":20},"end":{"line":6,"column":58}},"5":{"start":{"line":8,"column":4},"end":{"line":11,"column":7}},"6":{"start":{"line":13,"column":4},"end":{"line":13,"column":20}},"7":{"start":{"line":14,"column":4},"end":{"line":17,"column":7}},"8":{"start":{"line":21,"column":0},"end":{"line":21,"column":32}}},"fnMap":{"0":{"name":"(anonymous_0)","decl":{"start":{"line":4,"column":23},"end":{"line":4,"column":24}},"loc":{"start":{"line":4,"column":43},"end":{"line":19,"column":1}},"line":4}},"branchMap":{},"s":{"0":1,"1":1,"2":1,"3":0,"4":0,"5":0,"6":0,"7":0,"8":1},"f":{"0":0},"b":{},"_coverageSchema":"1a1c01bbd47fc00a2c39e90264f33305004495a9","hash":"a4866d32b70e0674c381bc335a93682ee71e2485"}
,"C:\\Users\\MSI\\serviciotecnico-v28\\backend\\controllers\\movimiento\\crearMovimientoController.js": {"path":"C:\\Users\\MSI\\serviciotecnico-v28\\backend\\controllers\\movimiento\\crearMovimientoController.js","statementMap":{"0":{"start":{"line":1,"column":31},"end":{"line":1,"column":86}},"1":{"start":{"line":3,"column":34},"end":{"line":26,"column":1}},"2":{"start":{"line":4,"column":73},"end":{"line":4,"column":78}},"3":{"start":{"line":6,"column":29},"end":{"line":6,"column":37}},"4":{"start":{"line":8,"column":2},"end":{"line":25,"column":3}},"5":{"start":{"line":9,"column":4},"end":{"line":9,"column":73}},"6":{"start":{"line":10,"column":4},"end":{"line":10,"column":70}},"7":{"start":{"line":12,"column":4},"end":{"line":20,"column":7}},"8":{"start":{"line":22,"column":4},"end":{"line":22,"column":67}},"9":{"start":{"line":28,"column":0},"end":{"line":28,"column":43}}},"fnMap":{"0":{"name":"(anonymous_0)","decl":{"start":{"line":3,"column":34},"end":{"line":3,"column":35}},"loc":{"start":{"line":3,"column":66},"end":{"line":26,"column":1}},"line":3}},"branchMap":{"0":{"loc":{"start":{"line":3,"column":48},"end":{"line":3,"column":61}},"type":"default-arg","locations":[{"start":{"line":3,"column":59},"end":{"line":3,"column":61}}],"line":3},"1":{"loc":{"start":{"line":6,"column":10},"end":{"line":6,"column":24}},"type":"default-arg","locations":[{"start":{"line":6,"column":20},"end":{"line":6,"column":24}}],"line":6}},"s":{"0":1,"1":1,"2":13,"3":13,"4":13,"5":13,"6":13,"7":13,"8":0,"9":1},"f":{"0":13},"b":{"0":[13],"1":[13]},"_coverageSchema":"1a1c01bbd47fc00a2c39e90264f33305004495a9","hash":"7563a3eff03d8fd655818ef213dc8edf3a03cd49"}
,"C:\\Users\\MSI\\serviciotecnico-v28\\backend\\controllers\\movimiento\\obtenerMovimientoController.js": {"path":"C:\\Users\\MSI\\serviciotecnico-v28\\backend\\controllers\\movimiento\\obtenerMovimientoController.js","statementMap":{"0":{"start":{"line":1,"column":34},"end":{"line":1,"column":91}},"1":{"start":{"line":3,"column":37},"end":{"line":15,"column":1}},"2":{"start":{"line":4,"column":2},"end":{"line":14,"column":3}},"3":{"start":{"line":5,"column":22},"end":{"line":5,"column":64}},"4":{"start":{"line":7,"column":4},"end":{"line":7,"column":43}},"5":{"start":{"line":9,"column":4},"end":{"line":9,"column":56}},"6":{"start":{"line":10,"column":4},"end":{"line":13,"column":7}},"7":{"start":{"line":17,"column":0},"end":{"line":17,"column":46}}},"fnMap":{"0":{"name":"(anonymous_0)","decl":{"start":{"line":3,"column":37},"end":{"line":3,"column":38}},"loc":{"start":{"line":3,"column":57},"end":{"line":15,"column":1}},"line":3}},"branchMap":{},"s":{"0":1,"1":1,"2":0,"3":0,"4":0,"5":0,"6":0,"7":1},"f":{"0":0},"b":{},"_coverageSchema":"1a1c01bbd47fc00a2c39e90264f33305004495a9","hash":"cee945ea98d54c1068e274765148325d2cdb430f"}
,"C:\\Users\\MSI\\serviciotecnico-v28\\backend\\controllers\\usuarios\\actualizarRolUsuarioController.js": {"path":"C:\\Users\\MSI\\serviciotecnico-v28\\backend\\controllers\\usuarios\\actualizarRolUsuarioController.js","statementMap":{"0":{"start":{"line":1,"column":26},"end":{"line":1,"column":73}},"1":{"start":{"line":3,"column":39},"end":{"line":30,"column":1}},"2":{"start":{"line":4,"column":2},"end":{"line":29,"column":3}},"3":{"start":{"line":5,"column":49},"end":{"line":5,"column":57}},"4":{"start":{"line":7,"column":31},"end":{"line":12,"column":6}},"5":{"start":{"line":15,"column":48},"end":{"line":15,"column":77}},"6":{"start":{"line":17,"column":4},"end":{"line":21,"column":7}},"7":{"start":{"line":23,"column":4},"end":{"line":23,"column":61}},"8":{"start":{"line":25,"column":4},"end":{"line":28,"column":7}},"9":{"start":{"line":32,"column":0},"end":{"line":32,"column":48}}},"fnMap":{"0":{"name":"(anonymous_0)","decl":{"start":{"line":3,"column":39},"end":{"line":3,"column":40}},"loc":{"start":{"line":3,"column":59},"end":{"line":30,"column":1}},"line":3}},"branchMap":{"0":{"loc":{"start":{"line":25,"column":15},"end":{"line":25,"column":38}},"type":"binary-expr","locations":[{"start":{"line":25,"column":15},"end":{"line":25,"column":31}},{"start":{"line":25,"column":35},"end":{"line":25,"column":38}}],"line":25},"1":{"loc":{"start":{"line":27,"column":15},"end":{"line":27,"column":61}},"type":"binary-expr","locations":[{"start":{"line":27,"column":15},"end":{"line":27,"column":28}},{"start":{"line":27,"column":32},"end":{"line":27,"column":61}}],"line":27}},"s":{"0":1,"1":1,"2":0,"3":0,"4":0,"5":0,"6":0,"7":0,"8":0,"9":1},"f":{"0":0},"b":{"0":[0,0],"1":[0,0]},"_coverageSchema":"1a1c01bbd47fc00a2c39e90264f33305004495a9","hash":"b1c2eb15b3fe8e27ba4eb2b37a60761867628282"}
,"C:\\Users\\MSI\\serviciotecnico-v28\\backend\\controllers\\usuarios\\cambiarEstadoActivoController.js": {"path":"C:\\Users\\MSI\\serviciotecnico-v28\\backend\\controllers\\usuarios\\cambiarEstadoActivoController.js","statementMap":{"0":{"start":{"line":1,"column":35},"end":{"line":1,"column":91}},"1":{"start":{"line":3,"column":38},"end":{"line":43,"column":1}},"2":{"start":{"line":4,"column":2},"end":{"line":42,"column":3}},"3":{"start":{"line":5,"column":20},"end":{"line":5,"column":39}},"4":{"start":{"line":6,"column":31},"end":{"line":6,"column":42}},"5":{"start":{"line":7,"column":23},"end":{"line":7,"column":31}},"6":{"start":{"line":9,"column":22},"end":{"line":13,"column":6}},"7":{"start":{"line":15,"column":4},"end":{"line":22,"column":5}},"8":{"start":{"line":16,"column":6},"end":{"line":21,"column":9}},"9":{"start":{"line":24,"column":4},"end":{"line":34,"column":7}},"10":{"start":{"line":36,"column":4},"end":{"line":36,"column":65}},"11":{"start":{"line":37,"column":4},"end":{"line":41,"column":7}},"12":{"start":{"line":45,"column":0},"end":{"line":45,"column":47}}},"fnMap":{"0":{"name":"(anonymous_0)","decl":{"start":{"line":3,"column":38},"end":{"line":3,"column":39}},"loc":{"start":{"line":3,"column":58},"end":{"line":43,"column":1}},"line":3}},"branchMap":{"0":{"loc":{"start":{"line":15,"column":4},"end":{"line":22,"column":5}},"type":"if","locations":[{"start":{"line":15,"column":4},"end":{"line":22,"column":5}},{"start":{},"end":{}}],"line":15},"1":{"loc":{"start":{"line":19,"column":10},"end":{"line":19,"column":40}},"type":"cond-expr","locations":[{"start":{"line":19,"column":19},"end":{"line":19,"column":27}},{"start":{"line":19,"column":30},"end":{"line":19,"column":40}}],"line":19},"2":{"loc":{"start":{"line":27,"column":8},"end":{"line":27,"column":45}},"type":"cond-expr","locations":[{"start":{"line":27,"column":17},"end":{"line":27,"column":29}},{"start":{"line":27,"column":32},"end":{"line":27,"column":45}}],"line":27},"3":{"loc":{"start":{"line":40,"column":8},"end":{"line":40,"column":79}},"type":"binary-expr","locations":[{"start":{"line":40,"column":8},"end":{"line":40,"column":21}},{"start":{"line":40,"column":25},"end":{"line":40,"column":79}}],"line":40}},"s":{"0":1,"1":1,"2":0,"3":0,"4":0,"5":0,"6":0,"7":0,"8":0,"9":0,"10":0,"11":0,"12":1},"f":{"0":0},"b":{"0":[0,0],"1":[0,0],"2":[0,0],"3":[0,0]},"_coverageSchema":"1a1c01bbd47fc00a2c39e90264f33305004495a9","hash":"9a24188d1964f38ec4dd59e7e71ce5b412919bf2"}
,"C:\\Users\\MSI\\serviciotecnico-v28\\backend\\controllers\\usuarios\\cambiarPasswordController.js": {"path":"C:\\Users\\MSI\\serviciotecnico-v28\\backend\\controllers\\usuarios\\cambiarPasswordController.js","statementMap":{"0":{"start":{"line":1,"column":31},"end":{"line":1,"column":83}},"1":{"start":{"line":3,"column":34},"end":{"line":33,"column":1}},"2":{"start":{"line":4,"column":2},"end":{"line":32,"column":3}},"3":{"start":{"line":5,"column":65},"end":{"line":5,"column":73}},"4":{"start":{"line":6,"column":28},"end":{"line":6,"column":47}},"5":{"start":{"line":7,"column":31},"end":{"line":7,"column":42}},"6":{"start":{"line":9,"column":22},"end":{"line":15,"column":6}},"7":{"start":{"line":17,"column":4},"end":{"line":21,"column":5}},"8":{"start":{"line":18,"column":6},"end":{"line":20,"column":62}},"9":{"start":{"line":23,"column":4},"end":{"line":26,"column":7}},"10":{"start":{"line":28,"column":4},"end":{"line":28,"column":60}},"11":{"start":{"line":29,"column":4},"end":{"line":31,"column":72}},"12":{"start":{"line":35,"column":0},"end":{"line":35,"column":43}}},"fnMap":{"0":{"name":"(anonymous_0)","decl":{"start":{"line":3,"column":34},"end":{"line":3,"column":35}},"loc":{"start":{"line":3,"column":54},"end":{"line":33,"column":1}},"line":3}},"branchMap":{"0":{"loc":{"start":{"line":17,"column":4},"end":{"line":21,"column":5}},"type":"if","locations":[{"start":{"line":17,"column":4},"end":{"line":21,"column":5}},{"start":{},"end":{}}],"line":17}},"s":{"0":1,"1":1,"2":0,"3":0,"4":0,"5":0,"6":0,"7":0,"8":0,"9":0,"10":0,"11":0,"12":1},"f":{"0":0},"b":{"0":[0,0]},"_coverageSchema":"1a1c01bbd47fc00a2c39e90264f33305004495a9","hash":"330a8c1bc4260a21c1b43aa2a78940ff6d83b3c7"}
,"C:\\Users\\MSI\\serviciotecnico-v28\\backend\\controllers\\usuarios\\editarUsuarioController.js": {"path":"C:\\Users\\MSI\\serviciotecnico-v28\\backend\\controllers\\usuarios\\editarUsuarioController.js","statementMap":{"0":{"start":{"line":2,"column":29},"end":{"line":2,"column":79}},"1":{"start":{"line":4,"column":22},"end":{"line":28,"column":1}},"2":{"start":{"line":5,"column":2},"end":{"line":27,"column":3}},"3":{"start":{"line":6,"column":31},"end":{"line":10,"column":6}},"4":{"start":{"line":12,"column":48},"end":{"line":12,"column":77}},"5":{"start":{"line":14,"column":4},"end":{"line":18,"column":7}},"6":{"start":{"line":20,"column":4},"end":{"line":20,"column":53}},"7":{"start":{"line":22,"column":4},"end":{"line":26,"column":7}},"8":{"start":{"line":30,"column":0},"end":{"line":30,"column":31}}},"fnMap":{"0":{"name":"(anonymous_0)","decl":{"start":{"line":4,"column":22},"end":{"line":4,"column":23}},"loc":{"start":{"line":4,"column":42},"end":{"line":28,"column":1}},"line":4}},"branchMap":{"0":{"loc":{"start":{"line":22,"column":15},"end":{"line":22,"column":38}},"type":"binary-expr","locations":[{"start":{"line":22,"column":15},"end":{"line":22,"column":31}},{"start":{"line":22,"column":35},"end":{"line":22,"column":38}}],"line":22},"1":{"loc":{"start":{"line":24,"column":15},"end":{"line":24,"column":61}},"type":"binary-expr","locations":[{"start":{"line":24,"column":15},"end":{"line":24,"column":28}},{"start":{"line":24,"column":32},"end":{"line":24,"column":61}}],"line":24}},"s":{"0":1,"1":1,"2":0,"3":0,"4":0,"5":0,"6":0,"7":0,"8":1},"f":{"0":0},"b":{"0":[0,0],"1":[0,0]},"_coverageSchema":"1a1c01bbd47fc00a2c39e90264f33305004495a9","hash":"f36ee69501096978581cc8d4b7ac07c12369bf3f"}
,"C:\\Users\\MSI\\serviciotecnico-v28\\backend\\controllers\\usuarios\\eliminarUsuarioController.js": {"path":"C:\\Users\\MSI\\serviciotecnico-v28\\backend\\controllers\\usuarios\\eliminarUsuarioController.js","statementMap":{"0":{"start":{"line":1,"column":16},"end":{"line":1,"column":42}},"1":{"start":{"line":2,"column":28},"end":{"line":2,"column":72}},"2":{"start":{"line":4,"column":24},"end":{"line":45,"column":1}},"3":{"start":{"line":5,"column":2},"end":{"line":44,"column":3}},"4":{"start":{"line":6,"column":29},"end":{"line":6,"column":75}},"5":{"start":{"line":8,"column":4},"end":{"line":14,"column":5}},"6":{"start":{"line":9,"column":6},"end":{"line":13,"column":9}},"7":{"start":{"line":17,"column":4},"end":{"line":23,"column":7}},"8":{"start":{"line":25,"column":4},"end":{"line":34,"column":7}},"9":{"start":{"line":37,"column":4},"end":{"line":37,"column":55}},"10":{"start":{"line":38,"column":4},"end":{"line":43,"column":7}},"11":{"start":{"line":47,"column":0},"end":{"line":47,"column":33}}},"fnMap":{"0":{"name":"(anonymous_0)","decl":{"start":{"line":4,"column":24},"end":{"line":4,"column":25}},"loc":{"start":{"line":4,"column":44},"end":{"line":45,"column":1}},"line":4}},"branchMap":{"0":{"loc":{"start":{"line":8,"column":4},"end":{"line":14,"column":5}},"type":"if","locations":[{"start":{"line":8,"column":4},"end":{"line":14,"column":5}},{"start":{},"end":{}}],"line":8}},"s":{"0":1,"1":1,"2":1,"3":0,"4":0,"5":0,"6":0,"7":0,"8":0,"9":0,"10":0,"11":1},"f":{"0":0},"b":{"0":[0,0]},"_coverageSchema":"1a1c01bbd47fc00a2c39e90264f33305004495a9","hash":"684a3b77d83a00a07d9895cfc4dd830f5f9035e0"}
,"C:\\Users\\MSI\\serviciotecnico-v28\\backend\\controllers\\usuarios\\obtenerUsuariosController.js": {"path":"C:\\Users\\MSI\\serviciotecnico-v28\\backend\\controllers\\usuarios\\obtenerUsuariosController.js","statementMap":{"0":{"start":{"line":1,"column":31},"end":{"line":1,"column":83}},"1":{"start":{"line":2,"column":17},"end":{"line":2,"column":36}},"2":{"start":{"line":4,"column":24},"end":{"line":31,"column":1}},"3":{"start":{"line":5,"column":2},"end":{"line":30,"column":3}},"4":{"start":{"line":6,"column":20},"end":{"line":11,"column":5}},"5":{"start":{"line":14,"column":4},"end":{"line":19,"column":5}},"6":{"start":{"line":15,"column":6},"end":{"line":18,"column":9}},"7":{"start":{"line":21,"column":21},"end":{"line":21,"column":58}},"8":{"start":{"line":23,"column":4},"end":{"line":23,"column":54}},"9":{"start":{"line":25,"column":4},"end":{"line":25,"column":55}},"10":{"start":{"line":26,"column":4},"end":{"line":29,"column":7}},"11":{"start":{"line":33,"column":0},"end":{"line":33,"column":33}}},"fnMap":{"0":{"name":"(anonymous_0)","decl":{"start":{"line":4,"column":24},"end":{"line":4,"column":25}},"loc":{"start":{"line":4,"column":44},"end":{"line":31,"column":1}},"line":4}},"branchMap":{"0":{"loc":{"start":{"line":14,"column":4},"end":{"line":19,"column":5}},"type":"if","locations":[{"start":{"line":14,"column":4},"end":{"line":19,"column":5}},{"start":{},"end":{}}],"line":14},"1":{"loc":{"start":{"line":14,"column":8},"end":{"line":14,"column":68}},"type":"binary-expr","locations":[{"start":{"line":14,"column":8},"end":{"line":14,"column":19}},{"start":{"line":14,"column":23},"end":{"line":14,"column":68}}],"line":14}},"s":{"0":1,"1":1,"2":1,"3":0,"4":0,"5":0,"6":0,"7":0,"8":0,"9":0,"10":0,"11":1},"f":{"0":0},"b":{"0":[0,0],"1":[0,0]},"_coverageSchema":"1a1c01bbd47fc00a2c39e90264f33305004495a9","hash":"cb0682ab670ad42efc1adf486a32d6ace129451a"}
,"C:\\Users\\MSI\\serviciotecnico-v28\\backend\\middlewares\\authMiddleware.js": {"path":"C:\\Users\\MSI\\serviciotecnico-v28\\backend\\middlewares\\authMiddleware.js","statementMap":{"0":{"start":{"line":2,"column":12},"end":{"line":2,"column":35}},"1":{"start":{"line":3,"column":16},"end":{"line":3,"column":42}},"2":{"start":{"line":4,"column":22},"end":{"line":4,"column":52}},"3":{"start":{"line":6,"column":23},"end":{"line":47,"column":1}},"4":{"start":{"line":7,"column":16},"end":{"line":7,"column":33}},"5":{"start":{"line":9,"column":2},"end":{"line":12,"column":3}},"6":{"start":{"line":10,"column":4},"end":{"line":10,"column":67}},"7":{"start":{"line":11,"column":4},"end":{"line":11,"column":52}},"8":{"start":{"line":14,"column":2},"end":{"line":46,"column":3}},"9":{"start":{"line":15,"column":4},"end":{"line":15,"column":67}},"10":{"start":{"line":16,"column":20},"end":{"line":16,"column":61}},"11":{"start":{"line":17,"column":4},"end":{"line":17,"column":64}},"12":{"start":{"line":19,"column":20},"end":{"line":19,"column":54}},"13":{"start":{"line":20,"column":4},"end":{"line":23,"column":5}},"14":{"start":{"line":21,"column":6},"end":{"line":21,"column":80}},"15":{"start":{"line":22,"column":6},"end":{"line":22,"column":58}},"16":{"start":{"line":25,"column":4},"end":{"line":32,"column":5}},"17":{"start":{"line":26,"column":6},"end":{"line":26,"column":55}},"18":{"start":{"line":27,"column":6},"end":{"line":31,"column":8}},"19":{"start":{"line":34,"column":4},"end":{"line":39,"column":7}},"20":{"start":{"line":41,"column":4},"end":{"line":41,"column":26}},"21":{"start":{"line":42,"column":4},"end":{"line":42,"column":11}},"22":{"start":{"line":44,"column":4},"end":{"line":44,"column":77}},"23":{"start":{"line":45,"column":4},"end":{"line":45,"column":49}},"24":{"start":{"line":49,"column":33},"end":{"line":66,"column":1}},"25":{"start":{"line":50,"column":2},"end":{"line":65,"column":4}},"26":{"start":{"line":51,"column":23},"end":{"line":51,"column":55}},"27":{"start":{"line":52,"column":33},"end":{"line":54,"column":5}},"28":{"start":{"line":53,"column":6},"end":{"line":53,"column":24}},"29":{"start":{"line":56,"column":4},"end":{"line":62,"column":5}},"30":{"start":{"line":57,"column":6},"end":{"line":61,"column":8}},"31":{"start":{"line":64,"column":4},"end":{"line":64,"column":11}},"32":{"start":{"line":68,"column":0},"end":{"line":68,"column":62}}},"fnMap":{"0":{"name":"(anonymous_0)","decl":{"start":{"line":6,"column":23},"end":{"line":6,"column":24}},"loc":{"start":{"line":6,"column":49},"end":{"line":47,"column":1}},"line":6},"1":{"name":"(anonymous_1)","decl":{"start":{"line":49,"column":33},"end":{"line":49,"column":34}},"loc":{"start":{"line":49,"column":54},"end":{"line":66,"column":1}},"line":49},"2":{"name":"(anonymous_2)","decl":{"start":{"line":50,"column":9},"end":{"line":50,"column":10}},"loc":{"start":{"line":50,"column":29},"end":{"line":65,"column":3}},"line":50},"3":{"name":"(anonymous_3)","decl":{"start":{"line":52,"column":53},"end":{"line":52,"column":54}},"loc":{"start":{"line":53,"column":6},"end":{"line":53,"column":24}},"line":53}},"branchMap":{"0":{"loc":{"start":{"line":9,"column":2},"end":{"line":12,"column":3}},"type":"if","locations":[{"start":{"line":9,"column":2},"end":{"line":12,"column":3}},{"start":{},"end":{}}],"line":9},"1":{"loc":{"start":{"line":20,"column":4},"end":{"line":23,"column":5}},"type":"if","locations":[{"start":{"line":20,"column":4},"end":{"line":23,"column":5}},{"start":{},"end":{}}],"line":20},"2":{"loc":{"start":{"line":25,"column":4},"end":{"line":32,"column":5}},"type":"if","locations":[{"start":{"line":25,"column":4},"end":{"line":32,"column":5}},{"start":{},"end":{}}],"line":25},"3":{"loc":{"start":{"line":56,"column":4},"end":{"line":62,"column":5}},"type":"if","locations":[{"start":{"line":56,"column":4},"end":{"line":62,"column":5}},{"start":{},"end":{}}],"line":56}},"s":{"0":1,"1":1,"2":1,"3":1,"4":14,"5":14,"6":0,"7":0,"8":14,"9":14,"10":14,"11":14,"12":14,"13":14,"14":0,"15":0,"16":14,"17":0,"18":0,"19":14,"20":14,"21":14,"22":0,"23":0,"24":1,"25":3,"26":0,"27":0,"28":0,"29":0,"30":0,"31":0,"32":1},"f":{"0":14,"1":3,"2":0,"3":0},"b":{"0":[0,14],"1":[0,14],"2":[0,14],"3":[0,0]},"_coverageSchema":"1a1c01bbd47fc00a2c39e90264f33305004495a9","hash":"85f8512cc0e447e66e9f9f50f4bdd124c66cd879"}
,"C:\\Users\\MSI\\serviciotecnico-v28\\backend\\middlewares\\verificarAcceso.js": {"path":"C:\\Users\\MSI\\serviciotecnico-v28\\backend\\middlewares\\verificarAcceso.js","statementMap":{"0":{"start":{"line":1,"column":16},"end":{"line":1,"column":42}},"1":{"start":{"line":2,"column":25},"end":{"line":2,"column":59}},"2":{"start":{"line":3,"column":36},"end":{"line":3,"column":66}},"3":{"start":{"line":4,"column":40},"end":{"line":4,"column":69}},"4":{"start":{"line":6,"column":24},"end":{"line":106,"column":1}},"5":{"start":{"line":7,"column":2},"end":{"line":105,"column":4}},"6":{"start":{"line":8,"column":4},"end":{"line":104,"column":5}},"7":{"start":{"line":15,"column":10},"end":{"line":15,"column":16}},"8":{"start":{"line":12,"column":34},"end":{"line":12,"column":47}},"9":{"start":{"line":17,"column":26},"end":{"line":17,"column":37}},"10":{"start":{"line":19,"column":8},"end":{"line":19,"column":58}},"11":{"start":{"line":19,"column":36},"end":{"line":19,"column":51}},"12":{"start":{"line":22,"column":6},"end":{"line":26,"column":7}},"13":{"start":{"line":23,"column":8},"end":{"line":23,"column":70}},"14":{"start":{"line":25,"column":8},"end":{"line":25,"column":29}},"15":{"start":{"line":30,"column":6},"end":{"line":54,"column":7}},"16":{"start":{"line":31,"column":20},"end":{"line":31,"column":35}},"17":{"start":{"line":34,"column":8},"end":{"line":37,"column":9}},"18":{"start":{"line":35,"column":10},"end":{"line":36,"column":74}},"19":{"start":{"line":35,"column":44},"end":{"line":35,"column":67}},"20":{"start":{"line":36,"column":15},"end":{"line":36,"column":74}},"21":{"start":{"line":36,"column":50},"end":{"line":36,"column":74}},"22":{"start":{"line":40,"column":8},"end":{"line":46,"column":9}},"23":{"start":{"line":41,"column":10},"end":{"line":45,"column":12}},"24":{"start":{"line":49,"column":8},"end":{"line":53,"column":9}},"25":{"start":{"line":50,"column":10},"end":{"line":50,"column":53}},"26":{"start":{"line":52,"column":10},"end":{"line":52,"column":50}},"27":{"start":{"line":57,"column":6},"end":{"line":60,"column":8}},"28":{"start":{"line":61,"column":6},"end":{"line":64,"column":8}},"29":{"start":{"line":66,"column":6},"end":{"line":75,"column":7}},"30":{"start":{"line":70,"column":8},"end":{"line":74,"column":10}},"31":{"start":{"line":78,"column":21},"end":{"line":78,"column":25}},"32":{"start":{"line":79,"column":6},"end":{"line":85,"column":7}},"33":{"start":{"line":80,"column":19},"end":{"line":80,"column":41}},"34":{"start":{"line":81,"column":8},"end":{"line":81,"column":46}},"35":{"start":{"line":82,"column":8},"end":{"line":84,"column":9}},"36":{"start":{"line":83,"column":10},"end":{"line":83,"column":72}},"37":{"start":{"line":87,"column":22},"end":{"line":92,"column":8}},"38":{"start":{"line":94,"column":6},"end":{"line":96,"column":7}},"39":{"start":{"line":95,"column":8},"end":{"line":95,"column":52}},"40":{"start":{"line":98,"column":6},"end":{"line":98,"column":51}},"41":{"start":{"line":98,"column":20},"end":{"line":98,"column":51}},"42":{"start":{"line":100,"column":6},"end":{"line":100,"column":13}},"43":{"start":{"line":102,"column":6},"end":{"line":102,"column":63}},"44":{"start":{"line":103,"column":6},"end":{"line":103,"column":64}},"45":{"start":{"line":108,"column":0},"end":{"line":108,"column":33}}},"fnMap":{"0":{"name":"(anonymous_0)","decl":{"start":{"line":6,"column":24},"end":{"line":6,"column":25}},"loc":{"start":{"line":6,"column":36},"end":{"line":106,"column":1}},"line":6},"1":{"name":"(anonymous_1)","decl":{"start":{"line":7,"column":9},"end":{"line":7,"column":10}},"loc":{"start":{"line":7,"column":35},"end":{"line":105,"column":3}},"line":7},"2":{"name":"(anonymous_2)","decl":{"start":{"line":12,"column":28},"end":{"line":12,"column":29}},"loc":{"start":{"line":12,"column":34},"end":{"line":12,"column":47}},"line":12},"3":{"name":"(anonymous_3)","decl":{"start":{"line":19,"column":29},"end":{"line":19,"column":30}},"loc":{"start":{"line":19,"column":36},"end":{"line":19,"column":51}},"line":19}},"branchMap":{"0":{"loc":{"start":{"line":11,"column":8},"end":{"line":11,"column":39}},"type":"default-arg","locations":[{"start":{"line":11,"column":34},"end":{"line":11,"column":39}}],"line":11},"1":{"loc":{"start":{"line":12,"column":8},"end":{"line":12,"column":47}},"type":"default-arg","locations":[{"start":{"line":12,"column":28},"end":{"line":12,"column":47}}],"line":12},"2":{"loc":{"start":{"line":14,"column":8},"end":{"line":14,"column":30}},"type":"default-arg","locations":[{"start":{"line":14,"column":26},"end":{"line":14,"column":30}}],"line":14},"3":{"loc":{"start":{"line":19,"column":8},"end":{"line":19,"column":58}},"type":"binary-expr","locations":[{"start":{"line":19,"column":8},"end":{"line":19,"column":52}},{"start":{"line":19,"column":56},"end":{"line":19,"column":58}}],"line":19},"4":{"loc":{"start":{"line":23,"column":19},"end":{"line":23,"column":69}},"type":"cond-expr","locations":[{"start":{"line":23,"column":37},"end":{"line":23,"column":57}},{"start":{"line":23,"column":60},"end":{"line":23,"column":69}}],"line":23},"5":{"loc":{"start":{"line":30,"column":6},"end":{"line":54,"column":7}},"type":"if","locations":[{"start":{"line":30,"column":6},"end":{"line":54,"column":7}},{"start":{},"end":{}}],"line":30},"6":{"loc":{"start":{"line":30,"column":10},"end":{"line":30,"column":42}},"type":"binary-expr","locations":[{"start":{"line":30,"column":10},"end":{"line":30,"column":18}},{"start":{"line":30,"column":22},"end":{"line":30,"column":42}}],"line":30},"7":{"loc":{"start":{"line":34,"column":8},"end":{"line":37,"column":9}},"type":"if","locations":[{"start":{"line":34,"column":8},"end":{"line":37,"column":9}},{"start":{},"end":{}}],"line":34},"8":{"loc":{"start":{"line":35,"column":10},"end":{"line":36,"column":74}},"type":"if","locations":[{"start":{"line":35,"column":10},"end":{"line":36,"column":74}},{"start":{"line":36,"column":15},"end":{"line":36,"column":74}}],"line":35},"9":{"loc":{"start":{"line":36,"column":15},"end":{"line":36,"column":74}},"type":"if","locations":[{"start":{"line":36,"column":15},"end":{"line":36,"column":74}},{"start":{},"end":{}}],"line":36},"10":{"loc":{"start":{"line":40,"column":8},"end":{"line":46,"column":9}},"type":"if","locations":[{"start":{"line":40,"column":8},"end":{"line":46,"column":9}},{"start":{},"end":{}}],"line":40},"11":{"loc":{"start":{"line":66,"column":6},"end":{"line":75,"column":7}},"type":"if","locations":[{"start":{"line":66,"column":6},"end":{"line":75,"column":7}},{"start":{},"end":{}}],"line":66},"12":{"loc":{"start":{"line":67,"column":8},"end":{"line":68,"column":79}},"type":"binary-expr","locations":[{"start":{"line":67,"column":8},"end":{"line":67,"column":46}},{"start":{"line":68,"column":8},"end":{"line":68,"column":79}}],"line":67},"13":{"loc":{"start":{"line":79,"column":6},"end":{"line":85,"column":7}},"type":"if","locations":[{"start":{"line":79,"column":6},"end":{"line":85,"column":7}},{"start":{},"end":{}}],"line":79},"14":{"loc":{"start":{"line":82,"column":8},"end":{"line":84,"column":9}},"type":"if","locations":[{"start":{"line":82,"column":8},"end":{"line":84,"column":9}},{"start":{},"end":{}}],"line":82},"15":{"loc":{"start":{"line":94,"column":6},"end":{"line":96,"column":7}},"type":"if","locations":[{"start":{"line":94,"column":6},"end":{"line":96,"column":7}},{"start":{},"end":{}}],"line":94},"16":{"loc":{"start":{"line":98,"column":6},"end":{"line":98,"column":51}},"type":"if","locations":[{"start":{"line":98,"column":6},"end":{"line":98,"column":51}},{"start":{},"end":{}}],"line":98}},"s":{"0":1,"1":1,"2":1,"3":1,"4":1,"5":13,"6":14,"7":14,"8":0,"9":14,"10":14,"11":36,"12":14,"13":14,"14":0,"15":14,"16":0,"17":0,"18":0,"19":0,"20":0,"21":0,"22":0,"23":0,"24":0,"25":0,"26":0,"27":14,"28":14,"29":14,"30":1,"31":13,"32":13,"33":0,"34":0,"35":0,"36":0,"37":13,"38":13,"39":0,"40":13,"41":0,"42":13,"43":0,"44":0,"45":1},"f":{"0":13,"1":14,"2":0,"3":36},"b":{"0":[14],"1":[14],"2":[0],"3":[14,0],"4":[0,14],"5":[0,14],"6":[14,9],"7":[0,0],"8":[0,0],"9":[0,0],"10":[0,0],"11":[1,13],"12":[14,14],"13":[0,13],"14":[0,0],"15":[0,13],"16":[0,13]},"_coverageSchema":"1a1c01bbd47fc00a2c39e90264f33305004495a9","hash":"528e392261acfe47820e14c1724e34c170f8ef60"}
,"C:\\Users\\MSI\\serviciotecnico-v28\\backend\\middlewares\\verificarEliminacionMiddleware.js": {"path":"C:\\Users\\MSI\\serviciotecnico-v28\\backend\\middlewares\\verificarEliminacionMiddleware.js","statementMap":{"0":{"start":{"line":2,"column":16},"end":{"line":2,"column":42}},"1":{"start":{"line":3,"column":25},"end":{"line":3,"column":59}},"2":{"start":{"line":5,"column":39},"end":{"line":26,"column":1}},"3":{"start":{"line":6,"column":2},"end":{"line":25,"column":3}},"4":{"start":{"line":7,"column":28},"end":{"line":7,"column":65}},"5":{"start":{"line":8,"column":4},"end":{"line":8,"column":93}},"6":{"start":{"line":8,"column":26},"end":{"line":8,"column":93}},"7":{"start":{"line":10,"column":20},"end":{"line":14,"column":6}},"8":{"start":{"line":16,"column":4},"end":{"line":18,"column":5}},"9":{"start":{"line":17,"column":6},"end":{"line":17,"column":64}},"10":{"start":{"line":20,"column":4},"end":{"line":20,"column":42}},"11":{"start":{"line":21,"column":4},"end":{"line":21,"column":11}},"12":{"start":{"line":23,"column":4},"end":{"line":23,"column":66}},"13":{"start":{"line":24,"column":4},"end":{"line":24,"column":69}},"14":{"start":{"line":28,"column":0},"end":{"line":28,"column":48}}},"fnMap":{"0":{"name":"(anonymous_0)","decl":{"start":{"line":5,"column":39},"end":{"line":5,"column":40}},"loc":{"start":{"line":5,"column":65},"end":{"line":26,"column":1}},"line":5}},"branchMap":{"0":{"loc":{"start":{"line":8,"column":4},"end":{"line":8,"column":93}},"type":"if","locations":[{"start":{"line":8,"column":4},"end":{"line":8,"column":93}},{"start":{},"end":{}}],"line":8},"1":{"loc":{"start":{"line":16,"column":4},"end":{"line":18,"column":5}},"type":"if","locations":[{"start":{"line":16,"column":4},"end":{"line":18,"column":5}},{"start":{},"end":{}}],"line":16}},"s":{"0":1,"1":1,"2":1,"3":0,"4":0,"5":0,"6":0,"7":0,"8":0,"9":0,"10":0,"11":0,"12":0,"13":0,"14":1},"f":{"0":0},"b":{"0":[0,0],"1":[0,0]},"_coverageSchema":"1a1c01bbd47fc00a2c39e90264f33305004495a9","hash":"610529cebb74915e66ead1d321fb60f290de3835"}
,"C:\\Users\\MSI\\serviciotecnico-v28\\backend\\models\\Cliente.js": {"path":"C:\\Users\\MSI\\serviciotecnico-v28\\backend\\models\\Cliente.js","statementMap":{"0":{"start":{"line":2,"column":17},"end":{"line":2,"column":36}},"1":{"start":{"line":4,"column":22},"end":{"line":26,"column":2}},"2":{"start":{"line":28,"column":0},"end":{"line":28,"column":58}}},"fnMap":{},"branchMap":{},"s":{"0":1,"1":1,"2":1},"f":{},"b":{},"_coverageSchema":"1a1c01bbd47fc00a2c39e90264f33305004495a9","hash":"28a5a37a01d3cdfdc8ca4f892a3c2fae39bb890a"}
,"C:\\Users\\MSI\\serviciotecnico-v28\\backend\\models\\CodigoAcceso.js": {"path":"C:\\Users\\MSI\\serviciotecnico-v28\\backend\\models\\CodigoAcceso.js","statementMap":{"0":{"start":{"line":1,"column":17},"end":{"line":1,"column":36}},"1":{"start":{"line":2,"column":19},"end":{"line":2,"column":27}},"2":{"start":{"line":4,"column":27},"end":{"line":32,"column":2}},"3":{"start":{"line":10,"column":22},"end":{"line":10,"column":45}},"4":{"start":{"line":11,"column":24},"end":{"line":11,"column":107}},"5":{"start":{"line":34,"column":0},"end":{"line":34,"column":68}}},"fnMap":{"0":{"name":"(anonymous_0)","decl":{"start":{"line":10,"column":17},"end":{"line":10,"column":18}},"loc":{"start":{"line":10,"column":22},"end":{"line":10,"column":45}},"line":10},"1":{"name":"(anonymous_1)","decl":{"start":{"line":11,"column":15},"end":{"line":11,"column":16}},"loc":{"start":{"line":11,"column":24},"end":{"line":11,"column":107}},"line":11}},"branchMap":{},"s":{"0":1,"1":1,"2":1,"3":0,"4":0,"5":1},"f":{"0":0,"1":0},"b":{},"_coverageSchema":"1a1c01bbd47fc00a2c39e90264f33305004495a9","hash":"b0c18d87037deaf2c6cfbc9967d292c529741b4e"}
,"C:\\Users\\MSI\\serviciotecnico-v28\\backend\\models\\Movimiento.js": {"path":"C:\\Users\\MSI\\serviciotecnico-v28\\backend\\models\\Movimiento.js","statementMap":{"0":{"start":{"line":1,"column":17},"end":{"line":1,"column":36}},"1":{"start":{"line":2,"column":25},"end":{"line":2,"column":69}},"2":{"start":{"line":4,"column":25},"end":{"line":36,"column":2}},"3":{"start":{"line":38,"column":0},"end":{"line":38,"column":64}}},"fnMap":{},"branchMap":{},"s":{"0":1,"1":1,"2":1,"3":1},"f":{},"b":{},"_coverageSchema":"1a1c01bbd47fc00a2c39e90264f33305004495a9","hash":"c6f86f77d9a0d1a5c714df669c43341562f47fe1"}
,"C:\\Users\\MSI\\serviciotecnico-v28\\backend\\models\\OrdenServicio.js": {"path":"C:\\Users\\MSI\\serviciotecnico-v28\\backend\\models\\OrdenServicio.js","statementMap":{"0":{"start":{"line":1,"column":17},"end":{"line":1,"column":36}},"1":{"start":{"line":3,"column":28},"end":{"line":58,"column":2}},"2":{"start":{"line":60,"column":0},"end":{"line":60,"column":70}}},"fnMap":{},"branchMap":{},"s":{"0":1,"1":1,"2":1},"f":{},"b":{},"_coverageSchema":"1a1c01bbd47fc00a2c39e90264f33305004495a9","hash":"b054f6f17425038f85d6322a992feb9d031342c7"}
,"C:\\Users\\MSI\\serviciotecnico-v28\\backend\\models\\Usuario.js": {"path":"C:\\Users\\MSI\\serviciotecnico-v28\\backend\\models\\Usuario.js","statementMap":{"0":{"start":{"line":1,"column":17},"end":{"line":1,"column":36}},"1":{"start":{"line":2,"column":15},"end":{"line":2,"column":34}},"2":{"start":{"line":4,"column":22},"end":{"line":19,"column":2}},"3":{"start":{"line":21,"column":0},"end":{"line":26,"column":3}},"4":{"start":{"line":22,"column":2},"end":{"line":22,"column":50}},"5":{"start":{"line":22,"column":36},"end":{"line":22,"column":50}},"6":{"start":{"line":23,"column":15},"end":{"line":23,"column":39}},"7":{"start":{"line":24,"column":2},"end":{"line":24,"column":57}},"8":{"start":{"line":25,"column":2},"end":{"line":25,"column":9}},"9":{"start":{"line":28,"column":0},"end":{"line":28,"column":58}}},"fnMap":{"0":{"name":"(anonymous_0)","decl":{"start":{"line":21,"column":26},"end":{"line":21,"column":27}},"loc":{"start":{"line":21,"column":48},"end":{"line":26,"column":1}},"line":21}},"branchMap":{"0":{"loc":{"start":{"line":22,"column":2},"end":{"line":22,"column":50}},"type":"if","locations":[{"start":{"line":22,"column":2},"end":{"line":22,"column":50}},{"start":{},"end":{}}],"line":22}},"s":{"0":1,"1":1,"2":1,"3":1,"4":1,"5":0,"6":1,"7":1,"8":1,"9":1},"f":{"0":1},"b":{"0":[0,1]},"_coverageSchema":"1a1c01bbd47fc00a2c39e90264f33305004495a9","hash":"b3c6ec7d04c13de96953ef9d70d965211be9f577"}
,"C:\\Users\\MSI\\serviciotecnico-v28\\backend\\routes\\superadmin.js": {"path":"C:\\Users\\MSI\\serviciotecnico-v28\\backend\\routes\\superadmin.js","statementMap":{"0":{"start":{"line":1,"column":16},"end":{"line":1,"column":34}},"1":{"start":{"line":2,"column":15},"end":{"line":2,"column":31}},"2":{"start":{"line":4,"column":24},"end":{"line":4,"column":74}},"3":{"start":{"line":5,"column":53},"end":{"line":5,"column":91}},"4":{"start":{"line":7,"column":0},"end":{"line":12,"column":2}},"5":{"start":{"line":14,"column":0},"end":{"line":14,"column":24}}},"fnMap":{},"branchMap":{},"s":{"0":1,"1":1,"2":1,"3":1,"4":1,"5":1},"f":{},"b":{},"_coverageSchema":"1a1c01bbd47fc00a2c39e90264f33305004495a9","hash":"52873b41e174872570150078d1c811e8f6e29182"}
,"C:\\Users\\MSI\\serviciotecnico-v28\\backend\\routes\\auth\\auth.js": {"path":"C:\\Users\\MSI\\serviciotecnico-v28\\backend\\routes\\auth\\auth.js","statementMap":{"0":{"start":{"line":1,"column":16},"end":{"line":1,"column":34}},"1":{"start":{"line":2,"column":36},"end":{"line":2,"column":74}},"2":{"start":{"line":3,"column":16},"end":{"line":3,"column":31}},"3":{"start":{"line":5,"column":15},"end":{"line":5,"column":31}},"4":{"start":{"line":7,"column":0},"end":{"line":7,"column":35}},"5":{"start":{"line":8,"column":0},"end":{"line":8,"column":29}},"6":{"start":{"line":10,"column":0},"end":{"line":10,"column":31}},"7":{"start":{"line":11,"column":0},"end":{"line":11,"column":20}},"8":{"start":{"line":13,"column":0},"end":{"line":13,"column":24}}},"fnMap":{},"branchMap":{},"s":{"0":1,"1":1,"2":1,"3":1,"4":1,"5":1,"6":1,"7":1,"8":1},"f":{},"b":{},"_coverageSchema":"1a1c01bbd47fc00a2c39e90264f33305004495a9","hash":"447ac8656b2183d77959f1352db78b8a195e353f"}
,"C:\\Users\\MSI\\serviciotecnico-v28\\backend\\routes\\auth\\me.js": {"path":"C:\\Users\\MSI\\serviciotecnico-v28\\backend\\routes\\auth\\me.js","statementMap":{"0":{"start":{"line":1,"column":16},"end":{"line":1,"column":34}},"1":{"start":{"line":2,"column":27},"end":{"line":2,"column":65}},"2":{"start":{"line":3,"column":15},"end":{"line":3,"column":31}},"3":{"start":{"line":5,"column":0},"end":{"line":13,"column":3}},"4":{"start":{"line":6,"column":39},"end":{"line":6,"column":50}},"5":{"start":{"line":8,"column":2},"end":{"line":12,"column":5}},"6":{"start":{"line":15,"column":0},"end":{"line":15,"column":24}}},"fnMap":{"0":{"name":"(anonymous_0)","decl":{"start":{"line":5,"column":34},"end":{"line":5,"column":35}},"loc":{"start":{"line":5,"column":48},"end":{"line":13,"column":1}},"line":5}},"branchMap":{},"s":{"0":1,"1":1,"2":1,"3":1,"4":0,"5":0,"6":1},"f":{"0":0},"b":{},"_coverageSchema":"1a1c01bbd47fc00a2c39e90264f33305004495a9","hash":"df5fa0c6aed377499d497fd5d60385668fb63a2f"}
[...]
,"C:\\Users\\MSI\\serviciotecnico-v28\\backend\\utils\\permisos\\accionesPermiso\\cliente\\calificarCliente.js": {"path":"C:\\Users\\MSI\\serviciotecnico-v28\\backend\\utils\\permisos\\accionesPermiso\\cliente\\calificarCliente.js","statementMap":{"0":{"start":{"line":1,"column":0},"end":{"line":14,"column":2}},"1":{"start":{"line":2,"column":14},"end":{"line":2,"column":45}},"2":{"start":{"line":4,"column":26},"end":{"line":4,"column":65}},"3":{"start":{"line":6,"column":2},"end":{"line":11,"column":3}},"4":{"start":{"line":7,"column":4},"end":{"line":10,"column":6}},"5":{"start":{"line":13,"column":2},"end":{"line":13,"column":29}}},"fnMap":{"0":{"name":"(anonymous_0)","decl":{"start":{"line":1,"column":17},"end":{"line":1,"column":18}},"loc":{"start":{"line":1,"column":38},"end":{"line":14,"column":1}},"line":1}},"branchMap":{"0":{"loc":{"start":{"line":6,"column":2},"end":{"line":11,"column":3}},"type":"if","locations":[{"start":{"line":6,"column":2},"end":{"line":11,"column":3}},{"start":{},"end":{}}],"line":6}},"s":{"0":1,"1":1,"2":1,"3":1,"4":0,"5":1},"f":{"0":1},"b":{"0":[0,1]},"_coverageSchema":"1a1c01bbd47fc00a2c39e90264f33305004495a9","hash":"36306fda6e244251418350a1ec8b6041c7632fcc"}
,"C:\\Users\\MSI\\serviciotecnico-v28\\backend\\utils\\permisos\\accionesPermiso\\cliente\\crearCliente.js": {"path":"C:\\Users\\MSI\\serviciotecnico-v28\\backend\\utils\\permisos\\accionesPermiso\\cliente\\crearCliente.js","statementMap":{"0":{"start":{"line":1,"column":0},"end":{"line":14,"column":2}},"1":{"start":{"line":2,"column":14},"end":{"line":2,"column":45}},"2":{"start":{"line":4,"column":26},"end":{"line":4,"column":76}},"3":{"start":{"line":6,"column":2},"end":{"line":11,"column":3}},"4":{"start":{"line":7,"column":4},"end":{"line":10,"column":6}},"5":{"start":{"line":13,"column":2},"end":{"line":13,"column":29}}},"fnMap":{"0":{"name":"(anonymous_0)","decl":{"start":{"line":1,"column":17},"end":{"line":1,"column":18}},"loc":{"start":{"line":1,"column":38},"end":{"line":14,"column":1}},"line":1}},"branchMap":{"0":{"loc":{"start":{"line":6,"column":2},"end":{"line":11,"column":3}},"type":"if","locations":[{"start":{"line":6,"column":2},"end":{"line":11,"column":3}},{"start":{},"end":{}}],"line":6}},"s":{"0":1,"1":8,"2":8,"3":8,"4":0,"5":8},"f":{"0":8},"b":{"0":[0,8]},"_coverageSchema":"1a1c01bbd47fc00a2c39e90264f33305004495a9","hash":"0ad4015a3e676c47c159084ec05b3a8cc5412245"}
,"C:\\Users\\MSI\\serviciotecnico-v28\\backend\\utils\\permisos\\accionesPermiso\\cliente\\editarCliente.js": {"path":"C:\\Users\\MSI\\serviciotecnico-v28\\backend\\utils\\permisos\\accionesPermiso\\cliente\\editarCliente.js","statementMap":{"0":{"start":{"line":1,"column":0},"end":{"line":14,"column":2}},"1":{"start":{"line":2,"column":14},"end":{"line":2,"column":45}},"2":{"start":{"line":4,"column":26},"end":{"line":4,"column":76}},"3":{"start":{"line":6,"column":2},"end":{"line":11,"column":3}},"4":{"start":{"line":7,"column":4},"end":{"line":10,"column":6}},"5":{"start":{"line":13,"column":2},"end":{"line":13,"column":29}}},"fnMap":{"0":{"name":"(anonymous_0)","decl":{"start":{"line":1,"column":17},"end":{"line":1,"column":18}},"loc":{"start":{"line":1,"column":38},"end":{"line":14,"column":1}},"line":1}},"branchMap":{"0":{"loc":{"start":{"line":6,"column":2},"end":{"line":11,"column":3}},"type":"if","locations":[{"start":{"line":6,"column":2},"end":{"line":11,"column":3}},{"start":{},"end":{}}],"line":6}},"s":{"0":1,"1":1,"2":1,"3":1,"4":0,"5":1},"f":{"0":1},"b":{"0":[0,1]},"_coverageSchema":"1a1c01bbd47fc00a2c39e90264f33305004495a9","hash":"6b13c099fcba51af395d0227defe08b6b81ce589"}
,"C:\\Users\\MSI\\serviciotecnico-v28\\backend\\utils\\permisos\\accionesPermiso\\cliente\\reactivarCliente.js": {"path":"C:\\Users\\MSI\\serviciotecnico-v28\\backend\\utils\\permisos\\accionesPermiso\\cliente\\reactivarCliente.js","statementMap":{"0":{"start":{"line":1,"column":0},"end":{"line":14,"column":2}},"1":{"start":{"line":2,"column":14},"end":{"line":2,"column":45}},"2":{"start":{"line":4,"column":26},"end":{"line":4,"column":65}},"3":{"start":{"line":6,"column":2},"end":{"line":11,"column":3}},"4":{"start":{"line":7,"column":4},"end":{"line":10,"column":6}},"5":{"start":{"line":13,"column":2},"end":{"line":13,"column":29}}},"fnMap":{"0":{"name":"(anonymous_0)","decl":{"start":{"line":1,"column":17},"end":{"line":1,"column":18}},"loc":{"start":{"line":1,"column":38},"end":{"line":14,"column":1}},"line":1}},"branchMap":{"0":{"loc":{"start":{"line":6,"column":2},"end":{"line":11,"column":3}},"type":"if","locations":[{"start":{"line":6,"column":2},"end":{"line":11,"column":3}},{"start":{},"end":{}}],"line":6}},"s":{"0":1,"1":1,"2":1,"3":1,"4":0,"5":1},"f":{"0":1},"b":{"0":[0,1]},"_coverageSchema":"1a1c01bbd47fc00a2c39e90264f33305004495a9","hash":"f64275fbf203b00f5ecd3b53e4311e90cf2fd816"}
,"C:\\Users\\MSI\\serviciotecnico-v28\\backend\\utils\\permisos\\accionesPermiso\\cliente\\suspenderCliente.js": {"path":"C:\\Users\\MSI\\serviciotecnico-v28\\backend\\utils\\permisos\\accionesPermiso\\cliente\\suspenderCliente.js","statementMap":{"0":{"start":{"line":1,"column":0},"end":{"line":14,"column":2}},"1":{"start":{"line":2,"column":14},"end":{"line":2,"column":45}},"2":{"start":{"line":4,"column":26},"end":{"line":4,"column":65}},"3":{"start":{"line":6,"column":2},"end":{"line":11,"column":3}},"4":{"start":{"line":7,"column":4},"end":{"line":10,"column":6}},"5":{"start":{"line":13,"column":2},"end":{"line":13,"column":29}}},"fnMap":{"0":{"name":"(anonymous_0)","decl":{"start":{"line":1,"column":17},"end":{"line":1,"column":18}},"loc":{"start":{"line":1,"column":38},"end":{"line":14,"column":1}},"line":1}},"branchMap":{"0":{"loc":{"start":{"line":6,"column":2},"end":{"line":11,"column":3}},"type":"if","locations":[{"start":{"line":6,"column":2},"end":{"line":11,"column":3}},{"start":{},"end":{}}],"line":6}},"s":{"0":1,"1":2,"2":2,"3":2,"4":0,"5":2},"f":{"0":2},"b":{"0":[0,2]},"_coverageSchema":"1a1c01bbd47fc00a2c39e90264f33305004495a9","hash":"b66a803b45e4a321595c2b00afeda8810650f2dd"}
,"C:\\Users\\MSI\\serviciotecnico-v28\\backend\\utils\\permisos\\accionesPermiso\\usuario\\cambiarEstado.js": {"path":"C:\\Users\\MSI\\serviciotecnico-v28\\backend\\utils\\permisos\\accionesPermiso\\usuario\\cambiarEstado.js","statementMap":{"0":{"start":{"line":4,"column":23},"end":{"line":4,"column":54}},"1":{"start":{"line":6,"column":0},"end":{"line":26,"column":2}},"2":{"start":{"line":7,"column":2},"end":{"line":12,"column":3}},"3":{"start":{"line":8,"column":4},"end":{"line":11,"column":6}},"4":{"start":{"line":14,"column":31},"end":{"line":14,"column":77}},"5":{"start":{"line":15,"column":28},"end":{"line":15,"column":71}},"6":{"start":{"line":17,"column":2},"end":{"line":23,"column":3}},"7":{"start":{"line":18,"column":4},"end":{"line":22,"column":6}},"8":{"start":{"line":25,"column":2},"end":{"line":25,"column":29}}},"fnMap":{"0":{"name":"(anonymous_0)","decl":{"start":{"line":6,"column":17},"end":{"line":6,"column":18}},"loc":{"start":{"line":6,"column":48},"end":{"line":26,"column":1}},"line":6}},"branchMap":{"0":{"loc":{"start":{"line":7,"column":2},"end":{"line":12,"column":3}},"type":"if","locations":[{"start":{"line":7,"column":2},"end":{"line":12,"column":3}},{"start":{},"end":{}}],"line":7},"1":{"loc":{"start":{"line":17,"column":2},"end":{"line":23,"column":3}},"type":"if","locations":[{"start":{"line":17,"column":2},"end":{"line":23,"column":3}},{"start":{},"end":{}}],"line":17}},"s":{"0":1,"1":1,"2":0,"3":0,"4":0,"5":0,"6":0,"7":0,"8":0},"f":{"0":0},"b":{"0":[0,0],"1":[0,0]},"_coverageSchema":"1a1c01bbd47fc00a2c39e90264f33305004495a9","hash":"0fa2ce12f9eeb7dc53437c93737d91549bc0d2ed"}
,"C:\\Users\\MSI\\serviciotecnico-v28\\backend\\utils\\permisos\\accionesPermiso\\usuario\\cambiarRolUsuario.js": {"path":"C:\\Users\\MSI\\serviciotecnico-v28\\backend\\utils\\permisos\\accionesPermiso\\usuario\\cambiarRolUsuario.js","statementMap":{"0":{"start":{"line":5,"column":23},"end":{"line":5,"column":54}},"1":{"start":{"line":7,"column":0},"end":{"line":36,"column":2}},"2":{"start":{"line":8,"column":31},"end":{"line":8,"column":77}},"3":{"start":{"line":9,"column":28},"end":{"line":9,"column":71}},"4":{"start":{"line":10,"column":28},"end":{"line":10,"column":67}},"5":{"start":{"line":12,"column":2},"end":{"line":17,"column":3}},"6":{"start":{"line":13,"column":4},"end":{"line":16,"column":6}},"7":{"start":{"line":19,"column":2},"end":{"line":25,"column":3}},"8":{"start":{"line":20,"column":4},"end":{"line":24,"column":6}},"9":{"start":{"line":28,"column":2},"end":{"line":33,"column":3}},"10":{"start":{"line":29,"column":4},"end":{"line":32,"column":6}},"11":{"start":{"line":35,"column":2},"end":{"line":35,"column":29}}},"fnMap":{"0":{"name":"(anonymous_0)","decl":{"start":{"line":7,"column":17},"end":{"line":7,"column":18}},"loc":{"start":{"line":7,"column":58},"end":{"line":36,"column":1}},"line":7}},"branchMap":{"0":{"loc":{"start":{"line":12,"column":2},"end":{"line":17,"column":3}},"type":"if","locations":[{"start":{"line":12,"column":2},"end":{"line":17,"column":3}},{"start":{},"end":{}}],"line":12},"1":{"loc":{"start":{"line":19,"column":2},"end":{"line":25,"column":3}},"type":"if","locations":[{"start":{"line":19,"column":2},"end":{"line":25,"column":3}},{"start":{},"end":{}}],"line":19},"2":{"loc":{"start":{"line":28,"column":2},"end":{"line":33,"column":3}},"type":"if","locations":[{"start":{"line":28,"column":2},"end":{"line":33,"column":3}},{"start":{},"end":{}}],"line":28}},"s":{"0":1,"1":1,"2":0,"3":0,"4":0,"5":0,"6":0,"7":0,"8":0,"9":0,"10":0,"11":0},"f":{"0":0},"b":{"0":[0,0],"1":[0,0],"2":[0,0]},"_coverageSchema":"1a1c01bbd47fc00a2c39e90264f33305004495a9","hash":"2cf7ff8a221e47c12916d3ecb8807385fb0a0ad8"}
,"C:\\Users\\MSI\\serviciotecnico-v28\\backend\\utils\\permisos\\accionesPermiso\\usuario\\editarUsuario.js": {"path":"C:\\Users\\MSI\\serviciotecnico-v28\\backend\\utils\\permisos\\accionesPermiso\\usuario\\editarUsuario.js","statementMap":{"0":{"start":{"line":4,"column":23},"end":{"line":4,"column":54}},"1":{"start":{"line":6,"column":0},"end":{"line":36,"column":2}},"2":{"start":{"line":7,"column":24},"end":{"line":7,"column":78}},"3":{"start":{"line":8,"column":2},"end":{"line":10,"column":3}},"4":{"start":{"line":9,"column":4},"end":{"line":9,"column":31}},"5":{"start":{"line":12,"column":25},"end":{"line":12,"column":55}},"6":{"start":{"line":13,"column":22},"end":{"line":13,"column":49}},"7":{"start":{"line":15,"column":31},"end":{"line":15,"column":61}},"8":{"start":{"line":16,"column":28},"end":{"line":16,"column":55}},"9":{"start":{"line":19,"column":4},"end":{"line":19,"column":73}},"10":{"start":{"line":21,"column":2},"end":{"line":26,"column":3}},"11":{"start":{"line":22,"column":4},"end":{"line":25,"column":6}},"12":{"start":{"line":28,"column":2},"end":{"line":33,"column":3}},"13":{"start":{"line":29,"column":4},"end":{"line":32,"column":6}},"14":{"start":{"line":35,"column":2},"end":{"line":35,"column":29}}},"fnMap":{"0":{"name":"(anonymous_0)","decl":{"start":{"line":6,"column":17},"end":{"line":6,"column":18}},"loc":{"start":{"line":6,"column":48},"end":{"line":36,"column":1}},"line":6}},"branchMap":{"0":{"loc":{"start":{"line":8,"column":2},"end":{"line":10,"column":3}},"type":"if","locations":[{"start":{"line":8,"column":2},"end":{"line":10,"column":3}},{"start":{},"end":{}}],"line":8},"1":{"loc":{"start":{"line":19,"column":4},"end":{"line":19,"column":73}},"type":"binary-expr","locations":[{"start":{"line":19,"column":4},"end":{"line":19,"column":38}},{"start":{"line":19,"column":42},"end":{"line":19,"column":73}}],"line":19},"2":{"loc":{"start":{"line":21,"column":2},"end":{"line":26,"column":3}},"type":"if","locations":[{"start":{"line":21,"column":2},"end":{"line":26,"column":3}},{"start":{},"end":{}}],"line":21},"3":{"loc":{"start":{"line":28,"column":2},"end":{"line":33,"column":3}},"type":"if","locations":[{"start":{"line":28,"column":2},"end":{"line":33,"column":3}},{"start":{},"end":{}}],"line":28},"4":{"loc":{"start":{"line":28,"column":6},"end":{"line":28,"column":76}},"type":"binary-expr","locations":[{"start":{"line":28,"column":6},"end":{"line":28,"column":48}},{"start":{"line":28,"column":52},"end":{"line":28,"column":76}}],"line":28}},"s":{"0":1,"1":1,"2":0,"3":0,"4":0,"5":0,"6":0,"7":0,"8":0,"9":0,"10":0,"11":0,"12":0,"13":0,"14":0},"f":{"0":0},"b":{"0":[0,0],"1":[0,0],"2":[0,0],"3":[0,0],"4":[0,0]},"_coverageSchema":"1a1c01bbd47fc00a2c39e90264f33305004495a9","hash":"56dd4c29fc36355062e1c68065e0c4eca3b6854c"}
,"C:\\Users\\MSI\\serviciotecnico-v28\\backend\\utils\\permisos\\accionesPermiso\\usuario\\eliminarUsuario.js": {"path":"C:\\Users\\MSI\\serviciotecnico-v28\\backend\\utils\\permisos\\accionesPermiso\\usuario\\eliminarUsuario.js","statementMap":{"0":{"start":{"line":4,"column":23},"end":{"line":4,"column":54}},"1":{"start":{"line":6,"column":0},"end":{"line":25,"column":2}},"2":{"start":{"line":7,"column":2},"end":{"line":12,"column":3}},"3":{"start":{"line":8,"column":4},"end":{"line":11,"column":6}},"4":{"start":{"line":14,"column":31},"end":{"line":14,"column":77}},"5":{"start":{"line":15,"column":28},"end":{"line":15,"column":71}},"6":{"start":{"line":17,"column":2},"end":{"line":22,"column":3}},"7":{"start":{"line":18,"column":4},"end":{"line":21,"column":6}},"8":{"start":{"line":24,"column":2},"end":{"line":24,"column":29}}},"fnMap":{"0":{"name":"(anonymous_0)","decl":{"start":{"line":6,"column":17},"end":{"line":6,"column":18}},"loc":{"start":{"line":6,"column":48},"end":{"line":25,"column":1}},"line":6}},"branchMap":{"0":{"loc":{"start":{"line":7,"column":2},"end":{"line":12,"column":3}},"type":"if","locations":[{"start":{"line":7,"column":2},"end":{"line":12,"column":3}},{"start":{},"end":{}}],"line":7},"1":{"loc":{"start":{"line":17,"column":2},"end":{"line":22,"column":3}},"type":"if","locations":[{"start":{"line":17,"column":2},"end":{"line":22,"column":3}},{"start":{},"end":{}}],"line":17}},"s":{"0":1,"1":1,"2":0,"3":0,"4":0,"5":0,"6":0,"7":0,"8":0},"f":{"0":0},"b":{"0":[0,0],"1":[0,0]},"_coverageSchema":"1a1c01bbd47fc00a2c39e90264f33305004495a9","hash":"1313bb93bce1d5c647c3c071cec8dabd13b190b2"}
,"C:\\Users\\MSI\\serviciotecnico-v28\\backend\\utils\\permisos\\accionesPermiso\\usuario\\generarCodigoAcceso.js": {"path":"C:\\Users\\MSI\\serviciotecnico-v28\\backend\\utils\\permisos\\accionesPermiso\\usuario\\generarCodigoAcceso.js","statementMap":{"0":{"start":{"line":2,"column":0},"end":{"line":14,"column":2}},"1":{"start":{"line":3,"column":14},"end":{"line":3,"column":45}},"2":{"start":{"line":4,"column":26},"end":{"line":4,"column":65}},"3":{"start":{"line":6,"column":2},"end":{"line":11,"column":3}},"4":{"start":{"line":7,"column":4},"end":{"line":10,"column":6}},"5":{"start":{"line":13,"column":2},"end":{"line":13,"column":29}}},"fnMap":{"0":{"name":"(anonymous_0)","decl":{"start":{"line":2,"column":17},"end":{"line":2,"column":18}},"loc":{"start":{"line":2,"column":38},"end":{"line":14,"column":1}},"line":2}},"branchMap":{"0":{"loc":{"start":{"line":6,"column":2},"end":{"line":11,"column":3}},"type":"if","locations":[{"start":{"line":6,"column":2},"end":{"line":11,"column":3}},{"start":{},"end":{}}],"line":6}},"s":{"0":1,"1":0,"2":0,"3":0,"4":0,"5":0},"f":{"0":0},"b":{"0":[0,0]},"_coverageSchema":"1a1c01bbd47fc00a2c39e90264f33305004495a9","hash":"c7ec53dff72daf0414fd00cb50457cdf72990f73"}
,"C:\\Users\\MSI\\serviciotecnico-v28\\backend\\utils\\permisos\\accionesPermiso\\usuario\\obtenerCodigoAcceso.js": {"path":"C:\\Users\\MSI\\serviciotecnico-v28\\backend\\utils\\permisos\\accionesPermiso\\usuario\\obtenerCodigoAcceso.js","statementMap":{"0":{"start":{"line":2,"column":0},"end":{"line":12,"column":2}},"1":{"start":{"line":4,"column":2},"end":{"line":6,"column":3}},"2":{"start":{"line":5,"column":4},"end":{"line":5,"column":31}},"3":{"start":{"line":8,"column":2},"end":{"line":11,"column":4}}},"fnMap":{"0":{"name":"(anonymous_0)","decl":{"start":{"line":2,"column":17},"end":{"line":2,"column":18}},"loc":{"start":{"line":2,"column":38},"end":{"line":12,"column":1}},"line":2}},"branchMap":{"0":{"loc":{"start":{"line":4,"column":2},"end":{"line":6,"column":3}},"type":"if","locations":[{"start":{"line":4,"column":2},"end":{"line":6,"column":3}},{"start":{},"end":{}}],"line":4}},"s":{"0":1,"1":0,"2":0,"3":0},"f":{"0":0},"b":{"0":[0,0]},"_coverageSchema":"1a1c01bbd47fc00a2c39e90264f33305004495a9","hash":"c0d50f27450db2be04d1ba9bbf2b5cbc4c3a6667"}
,"C:\\Users\\MSI\\serviciotecnico-v28\\backend\\utils\\permisos\\accionesPermiso\\usuario\\obtenerUsuario.js": {"path":"C:\\Users\\MSI\\serviciotecnico-v28\\backend\\utils\\permisos\\accionesPermiso\\usuario\\obtenerUsuario.js","statementMap":{"0":{"start":{"line":2,"column":0},"end":{"line":12,"column":2}},"1":{"start":{"line":4,"column":2},"end":{"line":6,"column":3}},"2":{"start":{"line":5,"column":4},"end":{"line":5,"column":31}},"3":{"start":{"line":8,"column":2},"end":{"line":11,"column":4}}},"fnMap":{"0":{"name":"(anonymous_0)","decl":{"start":{"line":2,"column":17},"end":{"line":2,"column":18}},"loc":{"start":{"line":2,"column":38},"end":{"line":12,"column":1}},"line":2}},"branchMap":{"0":{"loc":{"start":{"line":4,"column":2},"end":{"line":6,"column":3}},"type":"if","locations":[{"start":{"line":4,"column":2},"end":{"line":6,"column":3}},{"start":{},"end":{}}],"line":4}},"s":{"0":1,"1":0,"2":0,"3":0},"f":{"0":0},"b":{"0":[0,0]},"_coverageSchema":"1a1c01bbd47fc00a2c39e90264f33305004495a9","hash":"02b507d9950aa4e1e0e7ef2d4f7168100bc1f597"}
,"C:\\Users\\MSI\\serviciotecnico-v28\\backend\\utils\\validadores\\index.js": {"path":"C:\\Users\\MSI\\serviciotecnico-v28\\backend\\utils\\validadores\\index.js","statementMap":{"0":{"start":{"line":3,"column":40},"end":{"line":3,"column":68}},"1":{"start":{"line":8,"column":0},"end":{"line":15,"column":2}}},"fnMap":{},"branchMap":{},"s":{"0":1,"1":1},"f":{},"b":{},"_coverageSchema":"1a1c01bbd47fc00a2c39e90264f33305004495a9","hash":"f0afa6b04a4dea14f5b89b9790bca7514a7a1450"}
,"C:\\Users\\MSI\\serviciotecnico-v28\\backend\\utils\\validadores\\validarBooleano.js": {"path":"C:\\Users\\MSI\\serviciotecnico-v28\\backend\\utils\\validadores\\validarBooleano.js","statementMap":{"0":{"start":{"line":10,"column":2},"end":{"line":14,"column":3}},"1":{"start":{"line":11,"column":4},"end":{"line":13,"column":6}},"2":{"start":{"line":15,"column":2},"end":{"line":15,"column":14}},"3":{"start":{"line":26,"column":2},"end":{"line":26,"column":36}},"4":{"start":{"line":29,"column":0},"end":{"line":32,"column":2}}},"fnMap":{"0":{"name":"validarBooleano","decl":{"start":{"line":9,"column":9},"end":{"line":9,"column":24}},"loc":{"start":{"line":9,"column":55},"end":{"line":16,"column":1}},"line":9},"1":{"name":"esBooleano","decl":{"start":{"line":25,"column":9},"end":{"line":25,"column":19}},"loc":{"start":{"line":25,"column":27},"end":{"line":27,"column":1}},"line":25}},"branchMap":{"0":{"loc":{"start":{"line":9,"column":32},"end":{"line":9,"column":53}},"type":"default-arg","locations":[{"start":{"line":9,"column":46},"end":{"line":9,"column":53}}],"line":9},"1":{"loc":{"start":{"line":10,"column":2},"end":{"line":14,"column":3}},"type":"if","locations":[{"start":{"line":10,"column":2},"end":{"line":14,"column":3}},{"start":{},"end":{}}],"line":10}},"s":{"0":0,"1":0,"2":0,"3":0,"4":1},"f":{"0":0,"1":0},"b":{"0":[0],"1":[0,0]},"_coverageSchema":"1a1c01bbd47fc00a2c39e90264f33305004495a9","hash":"242a3c3d23bd3e2163e92d2d022449050072d9e3"}
}
