TN:
SF:app.js
FNF:0
FNH:0
DA:2,1
DA:4,1
DA:5,1
DA:6,1
DA:7,1
DA:8,1
DA:11,1
DA:12,1
DA:14,1
DA:20,1
DA:21,1
DA:22,1
DA:23,1
DA:26,1
DA:27,1
DA:28,1
DA:29,1
DA:30,1
DA:31,1
DA:33,1
DA:34,1
DA:35,1
DA:36,1
DA:37,1
DA:38,1
DA:40,1
LF:26
LH:26
BRDA:11,0,0,1
BRDA:11,0,1,0
BRF:2
BRH:1
end_of_record
TN:
SF:__tests__\helpers\crearClienteTest.js
FN:11,(anonymous_0)
FNF:1
FNH:1
FNDA:8,(anonymous_0)
DA:2,1
DA:3,1
DA:11,1
DA:12,8
DA:21,8
DA:26,8
DA:27,0
DA:30,8
DA:33,1
LF:9
LH:8
BRDA:11,0,0,8
BRDA:26,1,0,0
BRDA:26,1,1,8
BRF:3
BRH:2
end_of_record
TN:
SF:__tests__\helpers\crearUsuarioYLogin.js
FN:5,(anonymous_0)
FNF:1
FNH:1
FNDA:1,(anonymous_0)
DA:1,1
DA:2,1
DA:3,1
DA:5,1
DA:11,1
DA:14,1
DA:21,1
DA:23,1
DA:27,1
DA:28,1
DA:29,1
DA:31,1
DA:32,0
DA:35,1
DA:37,1
DA:40,1
LF:16
LH:15
BRDA:5,0,0,0
BRDA:6,1,0,0
BRDA:7,2,0,0
BRDA:8,3,0,0
BRDA:9,4,0,0
BRDA:31,5,0,0
BRDA:31,5,1,1
BRF:7
BRH:1
end_of_record
TN:
SF:controllers\authController.js
FNF:0
FNH:0
DA:1,1
DA:2,1
DA:4,1
LF:3
LH:3
BRF:0
BRH:0
end_of_record
TN:
SF:controllers\clientesController.js
FNF:0
FNH:0
DA:1,1
DA:2,1
DA:3,1
DA:8,1
DA:9,1
DA:10,1
DA:12,1
LF:7
LH:7
BRF:0
BRH:0
end_of_record
TN:
SF:controllers\codigoController.js
FNF:0
FNH:0
DA:1,1
DA:2,1
DA:4,1
LF:3
LH:3
BRF:0
BRH:0
end_of_record
TN:
SF:controllers\movimientoController.js
FNF:0
FNH:0
DA:1,1
DA:2,1
DA:4,1
LF:3
LH:3
BRF:0
BRH:0
end_of_record
TN:
SF:controllers\usuariosControllers.js
FNF:0
FNH:0
DA:1,1
DA:2,1
DA:3,1
DA:4,1
DA:5,1
DA:6,1
DA:8,1
LF:7
LH:7
BRF:0
BRH:0
end_of_record
TN:
SF:controllers\admin\superAdminController.js
FN:3,(anonymous_0)
FNF:1
FNH:0
FNDA:0,(anonymous_0)
DA:1,1
DA:3,1
DA:4,0
DA:5,0
DA:7,0
DA:8,0
DA:9,0
DA:14,0
DA:22,0
DA:24,0
DA:33,0
DA:34,0
DA:40,1
LF:13
LH:3
BRDA:8,0,0,0
BRDA:8,0,1,0
BRF:2
BRH:0
end_of_record
TN:
SF:controllers\auth\authController.js
FN:7,(anonymous_0)
FN:50,(anonymous_1)
FNF:2
FNH:1
FNDA:1,(anonymous_0)
FNDA:0,(anonymous_1)
DA:5,1
DA:7,1
DA:8,1
DA:9,1
DA:11,1
DA:12,0
DA:13,0
DA:14,0
DA:22,1
DA:23,1
DA:24,1
DA:25,1
DA:27,1
DA:34,1
DA:40,0
DA:42,0
DA:50,1
DA:51,0
DA:58,0
DA:65,1
LF:20
LH:13
BRDA:11,0,0,0
BRDA:11,0,1,1
BRDA:13,1,0,0
BRDA:13,1,1,0
BRDA:42,2,0,0
BRDA:42,2,1,0
BRDA:44,3,0,0
BRDA:44,3,1,0
BRF:8
BRH:1
end_of_record
TN:
SF:controllers\auth\registerController.js
FN:3,(anonymous_0)
FNF:1
FNH:0
FNDA:0,(anonymous_0)
DA:1,1
DA:3,1
DA:5,0
DA:7,0
DA:8,0
DA:18,0
DA:24,0
DA:26,0
DA:35,1
LF:9
LH:3
BRF:0
BRH:0
end_of_record
TN:
SF:controllers\clientes\calificarController.js
FN:5,(anonymous_0)
FNF:1
FNH:1
FNDA:1,(anonymous_0)
DA:1,1
DA:2,1
DA:3,1
DA:5,1
DA:6,1
DA:7,1
DA:8,1
DA:11,1
DA:12,1
DA:21,1
DA:27,0
DA:28,0
DA:35,1
LF:13
LH:11
BRDA:11,0,0,1
BRDA:11,0,1,0
BRDA:27,1,0,0
BRDA:27,1,1,0
BRF:4
BRH:1
end_of_record
TN:
SF:controllers\clientes\crearClienteController.js
FN:8,(anonymous_0)
FNF:1
FNH:1
FNDA:8,(anonymous_0)
DA:1,1
DA:2,1
DA:3,1
DA:4,1
DA:5,1
DA:6,1
DA:8,1
DA:9,8
DA:10,8
DA:17,8
DA:18,8
DA:19,8
DA:21,8
DA:22,40
DA:23,40
DA:24,40
DA:25,0
DA:31,40
DA:33,0
DA:37,8
DA:38,0
DA:47,8
DA:48,8
DA:49,0
DA:52,8
DA:53,8
DA:54,0
DA:56,8
DA:57,8
DA:58,8
DA:59,0
DA:61,8
DA:62,8
DA:63,0
DA:66,8
DA:67,8
DA:68,0
DA:70,8
DA:73,8
DA:81,8
DA:83,0
DA:84,0
DA:88,1
LF:43
LH:33
BRDA:23,0,0,40
BRDA:23,0,1,0
BRDA:24,1,0,0
BRDA:24,1,1,40
BRDA:24,2,0,40
BRDA:24,2,1,40
BRDA:37,3,0,0
BRDA:37,3,1,8
BRDA:48,4,0,0
BRDA:48,4,1,8
BRDA:48,5,0,8
BRDA:48,5,1,8
BRDA:48,5,2,8
BRDA:53,6,0,0
BRDA:53,6,1,8
BRDA:56,7,0,8
BRDA:56,7,1,0
BRDA:58,8,0,0
BRDA:58,8,1,8
BRDA:62,9,0,0
BRDA:62,9,1,8
BRDA:67,10,0,0
BRDA:67,10,1,8
BRF:23
BRH:14
end_of_record
TN:
SF:controllers\clientes\editarClienteController.js
FN:8,(anonymous_0)
FN:26,(anonymous_1)
FNF:2
FNH:2
FNDA:1,(anonymous_0)
FNDA:1,(anonymous_1)
DA:1,1
DA:2,1
DA:3,1
DA:4,1
DA:5,1
DA:6,1
DA:8,1
DA:9,1
DA:10,1
DA:11,1
DA:12,0
DA:15,1
DA:25,1
DA:26,1
DA:28,1
DA:29,0
DA:38,1
DA:39,1
DA:40,7
DA:41,1
DA:42,1
DA:43,0
DA:49,1
DA:53,1
DA:54,0
DA:55,0
DA:56,0
DA:60,1
DA:63,1
DA:71,1
DA:73,0
DA:74,0
DA:75,0
DA:79,1
LF:34
LH:25
BRDA:11,0,0,0
BRDA:11,0,1,1
BRDA:28,1,0,0
BRDA:28,1,1,1
BRDA:40,2,0,1
BRDA:40,2,1,6
BRDA:42,3,0,0
BRDA:42,3,1,1
BRDA:42,4,0,1
BRDA:42,4,1,1
BRDA:53,5,0,0
BRDA:53,5,1,1
BRDA:55,6,0,0
BRDA:55,6,1,0
BRDA:74,7,0,0
BRDA:74,7,1,0
BRF:16
BRH:8
end_of_record
TN:
SF:controllers\clientes\estadoClienteController.js
FN:11,(anonymous_0)
FN:13,(anonymous_1)
FN:41,(anonymous_2)
FN:69,(anonymous_3)
FNF:4
FNH:3
FNDA:3,(anonymous_0)
FNDA:2,(anonymous_1)
FNDA:1,(anonymous_2)
FNDA:0,(anonymous_3)
DA:1,1
DA:6,1
DA:7,1
DA:8,1
DA:9,1
DA:11,3
DA:13,1
DA:14,2
DA:15,2
DA:16,2
DA:18,2
DA:19,2
DA:21,2
DA:25,2
DA:26,2
DA:35,2
DA:37,0
DA:41,1
DA:42,1
DA:43,1
DA:44,1
DA:46,1
DA:47,1
DA:49,1
DA:53,1
DA:54,1
DA:63,1
DA:65,0
DA:69,1
DA:70,0
DA:71,0
DA:72,0
DA:74,0
DA:75,0
DA:77,0
DA:81,0
DA:82,0
DA:91,0
DA:93,0
DA:97,1
LF:40
LH:28
BRDA:16,0,0,0
BRDA:16,0,1,2
BRDA:21,1,0,0
BRDA:21,1,1,2
BRDA:25,2,0,2
BRDA:25,2,1,0
BRDA:44,3,0,0
BRDA:44,3,1,1
BRDA:49,4,0,0
BRDA:49,4,1,1
BRDA:53,5,0,1
BRDA:53,5,1,0
BRDA:72,6,0,0
BRDA:72,6,1,0
BRDA:77,7,0,0
BRDA:77,7,1,0
BRDA:81,8,0,0
BRDA:81,8,1,0
BRF:18
BRH:6
end_of_record
TN:
SF:controllers\clientes\obtenerClientePorIdController.js
FN:4,(anonymous_0)
FNF:1
FNH:0
FNDA:0,(anonymous_0)
DA:1,1
DA:2,1
DA:4,1
DA:5,0
DA:6,0
DA:7,0
DA:9,0
DA:17,1
LF:8
LH:4
BRDA:11,0,0,0
BRDA:11,0,1,0
BRDA:12,1,0,0
BRDA:12,1,1,0
BRF:4
BRH:0
end_of_record
TN:
SF:controllers\clientes\obtenerClientesController.js
FN:4,(anonymous_0)
FNF:1
FNH:1
FNDA:1,(anonymous_0)
DA:1,1
DA:2,1
DA:4,1
DA:5,1
DA:7,1
DA:9,1
DA:10,1
DA:11,1
DA:12,1
DA:14,1
DA:19,1
DA:21,1
DA:23,0
DA:31,1
LF:14
LH:13
BRDA:10,0,0,0
BRDA:10,0,1,1
BRDA:11,1,0,0
BRDA:11,1,1,1
BRDA:12,2,0,0
BRDA:12,2,1,1
BRDA:25,3,0,0
BRDA:25,3,1,0
BRDA:26,4,0,0
BRDA:26,4,1,0
BRF:10
BRH:3
end_of_record
TN:
SF:controllers\codigos\generarCodigoController.js
FN:3,(anonymous_0)
FNF:1
FNH:0
FNDA:0,(anonymous_0)
DA:1,1
DA:3,1
DA:4,0
DA:5,0
DA:10,0
DA:16,0
DA:18,0
DA:26,1
LF:8
LH:3
BRDA:18,0,0,0
BRDA:18,0,1,0
BRDA:20,1,0,0
BRDA:20,1,1,0
BRDA:21,2,0,0
BRDA:21,2,1,0
BRF:6
BRH:0
end_of_record
TN:
SF:controllers\codigos\obtenerCodigoController.js
FN:4,(anonymous_0)
FNF:1
FNH:0
FNDA:0,(anonymous_0)
DA:1,1
DA:2,1
DA:4,1
DA:5,0
DA:6,0
DA:8,0
DA:13,0
DA:14,0
DA:21,1
LF:9
LH:4
BRF:0
BRH:0
end_of_record
TN:
SF:controllers\movimiento\crearMovimientoController.js
FN:3,(anonymous_0)
FNF:1
FNH:1
FNDA:13,(anonymous_0)
DA:1,1
DA:3,1
DA:4,13
DA:6,13
DA:8,13
DA:9,13
DA:10,13
DA:12,13
DA:22,0
DA:28,1
LF:10
LH:9
BRDA:3,0,0,13
BRDA:6,1,0,13
BRF:2
BRH:2
end_of_record
TN:
SF:controllers\movimiento\obtenerMovimientoController.js
FN:3,(anonymous_0)
FNF:1
FNH:0
FNDA:0,(anonymous_0)
DA:1,1
DA:3,1
DA:4,0
DA:5,0
DA:7,0
DA:9,0
DA:10,0
DA:17,1
LF:8
LH:3
BRF:0
BRH:0
end_of_record
TN:
SF:controllers\usuarios\actualizarRolUsuarioController.js
FN:3,(anonymous_0)
FNF:1
FNH:0
FNDA:0,(anonymous_0)
DA:1,1
DA:3,1
DA:4,0
DA:5,0
DA:7,0
DA:15,0
DA:17,0
DA:23,0
DA:25,0
DA:32,1
LF:10
LH:3
BRDA:25,0,0,0
BRDA:25,0,1,0
BRDA:27,1,0,0
BRDA:27,1,1,0
BRF:4
BRH:0
end_of_record
TN:
SF:controllers\usuarios\cambiarEstadoActivoController.js
FN:3,(anonymous_0)
FNF:1
FNH:0
FNDA:0,(anonymous_0)
DA:1,1
DA:3,1
DA:4,0
DA:5,0
DA:6,0
DA:7,0
DA:9,0
DA:15,0
DA:16,0
DA:24,0
DA:36,0
DA:37,0
DA:45,1
LF:13
LH:3
BRDA:15,0,0,0
BRDA:15,0,1,0
BRDA:19,1,0,0
BRDA:19,1,1,0
BRDA:27,2,0,0
BRDA:27,2,1,0
BRDA:40,3,0,0
BRDA:40,3,1,0
BRF:8
BRH:0
end_of_record
TN:
SF:controllers\usuarios\cambiarPasswordController.js
FN:3,(anonymous_0)
FNF:1
FNH:0
FNDA:0,(anonymous_0)
DA:1,1
DA:3,1
DA:4,0
DA:5,0
DA:6,0
DA:7,0
DA:9,0
DA:17,0
DA:18,0
DA:23,0
DA:28,0
DA:29,0
DA:35,1
LF:13
LH:3
BRDA:17,0,0,0
BRDA:17,0,1,0
BRF:2
BRH:0
end_of_record
TN:
SF:controllers\usuarios\editarUsuarioController.js
FN:4,(anonymous_0)
FNF:1
FNH:0
FNDA:0,(anonymous_0)
DA:2,1
DA:4,1
DA:5,0
DA:6,0
DA:12,0
DA:14,0
DA:20,0
DA:22,0
DA:30,1
LF:9
LH:3
BRDA:22,0,0,0
BRDA:22,0,1,0
BRDA:24,1,0,0
BRDA:24,1,1,0
BRF:4
BRH:0
end_of_record
TN:
SF:controllers\usuarios\eliminarUsuarioController.js
FN:4,(anonymous_0)
FNF:1
FNH:0
FNDA:0,(anonymous_0)
DA:1,1
DA:2,1
DA:4,1
DA:5,0
DA:6,0
DA:8,0
DA:9,0
DA:17,0
DA:25,0
DA:37,0
DA:38,0
DA:47,1
LF:12
LH:4
BRDA:8,0,0,0
BRDA:8,0,1,0
BRF:2
BRH:0
end_of_record
TN:
SF:controllers\usuarios\obtenerUsuariosController.js
FN:4,(anonymous_0)
FNF:1
FNH:0
FNDA:0,(anonymous_0)
DA:1,1
DA:2,1
DA:4,1
DA:5,0
DA:6,0
DA:14,0
DA:15,0
DA:21,0
DA:23,0
DA:25,0
DA:26,0
DA:33,1
LF:12
LH:4
BRDA:14,0,0,0
BRDA:14,0,1,0
BRDA:14,1,0,0
BRDA:14,1,1,0
BRF:4
BRH:0
end_of_record
TN:
SF:middlewares\authMiddleware.js
FN:6,(anonymous_0)
FN:49,(anonymous_1)
FN:50,(anonymous_2)
FN:52,(anonymous_3)
FNF:4
FNH:2
FNDA:14,(anonymous_0)
FNDA:3,(anonymous_1)
FNDA:0,(anonymous_2)
FNDA:0,(anonymous_3)
DA:2,1
DA:3,1
DA:4,1
DA:6,1
DA:7,14
DA:9,14
DA:10,0
DA:11,0
DA:14,14
DA:15,14
DA:16,14
DA:17,14
DA:19,14
DA:20,14
DA:21,0
DA:22,0
DA:25,14
DA:26,0
DA:27,0
DA:34,14
DA:41,14
DA:42,14
DA:44,0
DA:45,0
DA:49,1
DA:50,3
DA:51,0
DA:52,0
DA:53,0
DA:56,0
DA:57,0
DA:64,0
DA:68,1
LF:33
LH:19
BRDA:9,0,0,0
BRDA:9,0,1,14
BRDA:20,1,0,0
BRDA:20,1,1,14
BRDA:25,2,0,0
BRDA:25,2,1,14
BRDA:56,3,0,0
BRDA:56,3,1,0
BRF:8
BRH:3
end_of_record
TN:
SF:middlewares\verificarAcceso.js
FN:6,(anonymous_0)
FN:7,(anonymous_1)
FN:12,(anonymous_2)
FN:19,(anonymous_3)
FNF:4
FNH:3
FNDA:13,(anonymous_0)
FNDA:14,(anonymous_1)
FNDA:0,(anonymous_2)
FNDA:36,(anonymous_3)
DA:1,1
DA:2,1
DA:3,1
DA:4,1
DA:6,1
DA:7,13
DA:8,14
DA:12,0
DA:15,14
DA:17,14
DA:19,36
DA:22,14
DA:23,14
DA:25,0
DA:30,14
DA:31,0
DA:34,0
DA:35,0
DA:36,0
DA:40,0
DA:41,0
DA:49,0
DA:50,0
DA:52,0
DA:57,14
DA:61,14
DA:66,14
DA:70,1
DA:78,13
DA:79,13
DA:80,0
DA:81,0
DA:82,0
DA:83,0
DA:87,13
DA:94,13
DA:95,0
DA:98,13
DA:100,13
DA:102,0
DA:103,0
DA:108,1
LF:42
LH:24
BRDA:11,0,0,14
BRDA:12,1,0,14
BRDA:14,2,0,0
BRDA:19,3,0,14
BRDA:19,3,1,0
BRDA:23,4,0,0
BRDA:23,4,1,14
BRDA:30,5,0,0
BRDA:30,5,1,14
BRDA:30,6,0,14
BRDA:30,6,1,9
BRDA:34,7,0,0
BRDA:34,7,1,0
BRDA:35,8,0,0
BRDA:35,8,1,0
BRDA:36,9,0,0
BRDA:36,9,1,0
BRDA:40,10,0,0
BRDA:40,10,1,0
BRDA:66,11,0,1
BRDA:66,11,1,13
BRDA:67,12,0,14
BRDA:67,12,1,14
BRDA:79,13,0,0
BRDA:79,13,1,13
BRDA:82,14,0,0
BRDA:82,14,1,0
BRDA:94,15,0,0
BRDA:94,15,1,13
BRDA:98,16,0,0
BRDA:98,16,1,13
BRF:31
BRH:14
end_of_record
TN:
SF:middlewares\verificarEliminacionMiddleware.js
FN:5,(anonymous_0)
FNF:1
FNH:0
FNDA:0,(anonymous_0)
DA:2,1
DA:3,1
DA:5,1
DA:6,0
DA:7,0
DA:8,0
DA:10,0
DA:16,0
DA:17,0
DA:20,0
DA:21,0
DA:23,0
DA:24,0
DA:28,1
LF:14
LH:4
BRDA:8,0,0,0
BRDA:8,0,1,0
BRDA:16,1,0,0
BRDA:16,1,1,0
BRF:4
BRH:0
end_of_record
TN:
SF:models\Cliente.js
FNF:0
FNH:0
DA:2,1
DA:4,1
DA:28,1
LF:3
LH:3
BRF:0
BRH:0
end_of_record
TN:
SF:models\CodigoAcceso.js
FN:10,(anonymous_0)
FN:11,(anonymous_1)
FNF:2
FNH:0
FNDA:0,(anonymous_0)
FNDA:0,(anonymous_1)
DA:1,1
DA:2,1
DA:4,1
DA:10,0
DA:11,0
DA:34,1
LF:6
LH:4
BRF:0
BRH:0
end_of_record
TN:
SF:models\Movimiento.js
FNF:0
FNH:0
DA:1,1
DA:2,1
DA:4,1
DA:38,1
LF:4
LH:4
BRF:0
BRH:0
end_of_record
TN:
SF:models\OrdenServicio.js
FNF:0
FNH:0
DA:1,1
DA:3,1
DA:60,1
LF:3
LH:3
BRF:0
BRH:0
end_of_record
TN:
SF:models\Usuario.js
FN:21,(anonymous_0)
FNF:1
FNH:1
FNDA:1,(anonymous_0)
DA:1,1
DA:2,1
DA:4,1
DA:21,1
DA:22,1
DA:23,1
DA:24,1
DA:25,1
DA:28,1
LF:9
LH:9
BRDA:22,0,0,0
BRDA:22,0,1,1
BRF:2
BRH:1
end_of_record
TN:
SF:routes\superadmin.js
FNF:0
FNH:0
DA:1,1
DA:2,1
DA:4,1
DA:5,1
DA:7,1
DA:14,1
LF:6
LH:6
BRF:0
BRH:0
end_of_record
TN:
SF:routes\auth\auth.js
FNF:0
FNH:0
DA:1,1
DA:2,1
DA:3,1
DA:5,1
DA:7,1
DA:8,1
DA:10,1
DA:11,1
DA:13,1
LF:9
LH:9
BRF:0
BRH:0
end_of_record
TN:
SF:routes\auth\me.js
FN:5,(anonymous_0)
FNF:1
FNH:0
FNDA:0,(anonymous_0)
DA:1,1
DA:2,1
DA:3,1
DA:5,1
DA:6,0
DA:8,0
DA:15,1
LF:7
LH:5
BRF:0
BRH:0
end_of_record
TN:
SF:routes\clientes\clientes.js
FNF:0
FNH:0
DA:1,1
DA:2,1
DA:13,1
DA:14,1
DA:15,1
DA:18,1
DA:21,1
DA:24,1
DA:35,1
DA:46,1
DA:57,1
DA:68,1
DA:79,1
DA:89,1
LF:14
LH:14
BRF:0
BRH:0
end_of_record
TN:
SF:routes\codigo\codigos.js
FNF:0
FNH:0
DA:2,1
DA:3,1
DA:7,1
DA:8,1
DA:9,1
DA:12,1
DA:21,1
DA:31,1
LF:8
LH:8
BRF:0
BRH:0
end_of_record
TN:
SF:routes\movimientos\movimiento.routes.js
FNF:0
FNH:0
DA:1,1
DA:2,1
DA:3,1
DA:5,1
DA:7,1
DA:15,1
LF:6
LH:6
BRF:0
BRH:0
end_of_record
TN:
SF:routes\usuarios\usuarios.js
FN:24,(anonymous_0)
FNF:1
FNH:0
FNDA:0,(anonymous_0)
DA:1,1
DA:2,1
DA:10,1
DA:14,1
DA:15,1
DA:16,1
DA:18,1
DA:24,0
DA:29,1
DA:39,1
DA:50,1
DA:62,1
DA:73,1
DA:81,1
LF:14
LH:13
BRF:0
BRH:0
end_of_record
TN:
SF:services\auth\authService.js
FN:6,(anonymous_0)
FN:15,(anonymous_1)
FNF:2
FNH:1
FNDA:0,(anonymous_0)
FNDA:1,(anonymous_1)
DA:2,1
DA:3,1
DA:4,1
DA:6,1
DA:7,0
DA:8,0
DA:9,0
DA:11,0
DA:15,1
DA:16,1
DA:18,1
DA:19,0
DA:22,1
DA:23,0
DA:29,1
DA:30,1
DA:32,1
DA:33,0
DA:36,1
DA:42,1
DA:53,1
LF:21
LH:14
BRDA:18,0,0,0
BRDA:18,0,1,1
BRDA:22,1,0,0
BRDA:22,1,1,1
BRDA:32,2,0,0
BRDA:32,2,1,1
BRF:6
BRH:3
end_of_record
TN:
SF:services\auth\registerServices.js
FN:9,(anonymous_0)
FN:15,(anonymous_1)
FNF:2
FNH:0
FNDA:0,(anonymous_0)
FNDA:0,(anonymous_1)
DA:1,1
DA:2,1
DA:3,1
DA:6,1
DA:7,1
DA:9,1
DA:10,0
DA:11,0
DA:12,0
DA:15,1
DA:24,0
DA:25,0
DA:27,0
DA:28,0
DA:29,0
DA:32,0
DA:33,0
DA:37,0
DA:40,0
DA:43,0
DA:44,0
DA:47,0
DA:50,0
DA:51,0
DA:54,0
DA:57,0
DA:58,0
DA:61,0
DA:70,0
DA:72,0
DA:73,0
DA:74,0
DA:77,0
DA:79,0
DA:84,0
DA:85,0
DA:88,0
DA:101,0
DA:103,0
DA:111,0
DA:112,0
DA:114,0
DA:118,1
LF:43
LH:8
BRDA:27,0,0,0
BRDA:27,0,1,0
BRDA:33,1,0,0
BRDA:33,1,1,0
BRDA:34,2,0,0
BRDA:34,2,1,0
BRDA:42,3,0,0
BRDA:42,3,1,0
BRDA:43,4,0,0
BRDA:43,4,1,0
BRDA:43,5,0,0
BRDA:43,5,1,0
BRDA:48,6,0,0
BRDA:48,6,1,0
BRDA:50,7,0,0
BRDA:50,7,1,0
BRDA:55,8,0,0
BRDA:55,8,1,0
BRDA:57,9,0,0
BRDA:57,9,1,0
BRDA:66,10,0,0
BRDA:66,10,1,0
BRDA:70,11,0,0
BRDA:70,11,1,0
BRDA:73,12,0,0
BRDA:73,12,1,0
BRDA:77,13,0,0
BRDA:77,13,1,0
BRDA:84,14,0,0
BRDA:84,14,1,0
BRDA:98,15,0,0
BRDA:98,15,1,0
BRDA:101,16,0,0
BRDA:101,16,1,0
BRDA:111,17,0,0
BRDA:111,17,1,0
BRDA:114,18,0,0
BRDA:114,18,1,0
BRF:38
BRH:0
end_of_record
TN:
SF:services\clientes\calcularCalificacionCliente.js
FN:5,(anonymous_0)
FN:6,(anonymous_1)
FN:8,(anonymous_2)
FNF:3
FNH:1
FNDA:1,(anonymous_0)
FNDA:0,(anonymous_1)
FNDA:0,(anonymous_2)
DA:5,1
DA:6,1
DA:7,1
DA:8,0
DA:11,1
DA:13,1
DA:15,0
DA:17,0
DA:18,0
DA:19,0
DA:20,0
DA:21,0
DA:23,0
DA:26,1
LF:14
LH:6
BRDA:13,0,0,1
BRDA:13,0,1,0
BRDA:17,1,0,0
BRDA:17,1,1,0
BRDA:17,2,0,0
BRDA:17,2,1,0
BRDA:18,3,0,0
BRDA:18,3,1,0
BRDA:19,4,0,0
BRDA:19,4,1,0
BRDA:20,5,0,0
BRDA:20,5,1,0
BRDA:20,6,0,0
BRDA:20,6,1,0
BRDA:21,7,0,0
BRDA:21,7,1,0
BRDA:21,8,0,0
BRDA:21,8,1,0
BRF:18
BRH:1
end_of_record
TN:
SF:services\clientes\calificarClienteService.js
FN:8,(anonymous_0)
FN:31,(anonymous_1)
FNF:2
FNH:1
FNDA:1,(anonymous_0)
FNDA:0,(anonymous_1)
DA:1,1
DA:2,1
DA:3,1
DA:8,1
DA:9,1
DA:10,1
DA:13,1
DA:14,0
DA:15,0
DA:16,0
DA:17,0
DA:21,1
DA:27,1
DA:30,1
DA:32,0
DA:36,1
DA:37,0
DA:38,1
DA:42,0
DA:46,1
DA:51,0
DA:55,1
DA:56,1
DA:58,1
DA:60,1
DA:63,1
LF:26
LH:18
BRDA:10,0,0,0
BRDA:10,0,1,1
BRDA:13,1,0,0
BRDA:13,1,1,1
BRDA:32,2,0,0
BRDA:32,2,1,0
BRDA:36,3,0,0
BRDA:36,3,1,1
BRDA:38,4,0,0
BRDA:38,4,1,1
BRDA:39,5,0,1
BRDA:39,5,1,0
BRDA:46,6,0,0
BRDA:46,6,1,1
BRDA:47,7,0,1
BRDA:47,7,1,0
BRDA:47,7,2,0
BRDA:56,8,0,0
BRDA:56,8,1,1
BRF:19
BRH:8
end_of_record
TN:
SF:services\clientes\crearClienteService.js
FN:3,(anonymous_0)
FNF:1
FNH:1
FNDA:8,(anonymous_0)
DA:1,1
DA:3,1
DA:4,8
DA:7,8
DA:8,0
DA:14,8
DA:15,0
DA:21,8
DA:22,8
DA:25,1
LF:10
LH:8
BRDA:7,0,0,0
BRDA:7,0,1,8
BRDA:7,1,0,8
BRDA:7,1,1,0
BRDA:14,2,0,0
BRDA:14,2,1,8
BRDA:14,3,0,8
BRDA:14,3,1,0
BRF:8
BRH:4
end_of_record
TN:
SF:services\clientes\editarClienteService.js
FN:4,(anonymous_0)
FN:55,(anonymous_1)
FNF:2
FNH:1
FNDA:1,(anonymous_0)
FNDA:0,(anonymous_1)
DA:1,1
DA:2,1
DA:4,1
DA:5,1
DA:6,1
DA:8,1
DA:11,1
DA:12,1
DA:13,0
DA:14,0
DA:18,1
DA:23,1
DA:24,0
DA:25,0
DA:31,1
DA:32,0
DA:33,0
DA:37,1
DA:38,0
DA:39,0
DA:42,1
DA:43,0
DA:44,0
DA:48,1
DA:49,1
DA:50,1
DA:52,1
DA:53,0
DA:54,0
DA:55,0
DA:56,0
DA:57,0
DA:61,0
DA:62,0
DA:67,1
DA:70,1
DA:71,1
DA:73,1
DA:74,0
DA:75,0
DA:78,1
DA:79,1
DA:82,1
LF:43
LH:24
BRDA:12,0,0,0
BRDA:12,0,1,1
BRDA:23,1,0,0
BRDA:23,1,1,1
BRDA:31,2,0,0
BRDA:31,2,1,1
BRDA:31,3,0,1
BRDA:31,3,1,0
BRDA:37,4,0,0
BRDA:37,4,1,1
BRDA:37,5,0,1
BRDA:37,5,1,0
BRDA:42,6,0,0
BRDA:42,6,1,1
BRDA:42,7,0,1
BRDA:42,7,1,0
BRDA:49,8,0,0
BRDA:49,8,1,1
BRDA:50,9,0,0
BRDA:50,9,1,1
BRDA:54,10,0,0
BRDA:54,10,1,0
BRDA:61,11,0,0
BRDA:61,11,1,0
BRDA:73,12,0,0
BRDA:73,12,1,1
BRF:26
BRH:11
end_of_record
TN:
SF:services\clientes\estadoClienteService.js
FN:5,(anonymous_0)
FN:34,(anonymous_1)
FN:54,(anonymous_2)
FNF:3
FNH:2
FNDA:2,(anonymous_0)
FNDA:1,(anonymous_1)
FNDA:0,(anonymous_2)
DA:2,1
DA:3,1
DA:5,1
DA:6,2
DA:7,2
DA:9,2
DA:10,0
DA:13,2
DA:14,0
DA:17,2
DA:22,2
DA:23,0
DA:26,2
DA:27,2
DA:28,2
DA:29,2
DA:31,2
DA:34,1
DA:35,1
DA:36,1
DA:38,1
DA:39,0
DA:42,1
DA:43,0
DA:46,1
DA:47,1
DA:48,1
DA:49,1
DA:51,1
DA:54,1
DA:55,0
DA:56,0
DA:58,0
DA:59,0
DA:62,0
DA:63,0
DA:64,0
DA:65,0
DA:67,0
DA:70,1
LF:40
LH:26
BRDA:7,0,0,0
BRDA:7,0,1,2
BRDA:9,1,0,0
BRDA:9,1,1,2
BRDA:13,2,0,0
BRDA:13,2,1,2
BRDA:13,3,0,2
BRDA:13,3,1,0
BRDA:22,4,0,0
BRDA:22,4,1,2
BRDA:36,5,0,0
BRDA:36,5,1,1
BRDA:38,6,0,0
BRDA:38,6,1,1
BRDA:42,7,0,0
BRDA:42,7,1,1
BRDA:42,8,0,1
BRDA:42,8,1,0
BRDA:56,9,0,0
BRDA:56,9,1,0
BRDA:58,10,0,0
BRDA:58,10,1,0
BRDA:58,11,0,0
BRDA:58,11,1,0
BRF:24
BRH:9
end_of_record
TN:
SF:services\clientes\obtenerClientesService.js
FN:11,(anonymous_0)
FNF:1
FNH:1
FNDA:1,(anonymous_0)
DA:1,1
DA:2,1
DA:11,1
DA:16,1
DA:17,0
DA:18,0
DA:21,0
DA:22,0
DA:23,0
DA:26,0
DA:29,1
DA:31,1
DA:32,1
DA:34,1
DA:39,1
DA:41,1
DA:44,1
LF:17
LH:11
BRDA:12,0,0,1
BRDA:13,1,0,0
BRDA:14,2,0,0
BRDA:16,3,0,0
BRDA:16,3,1,1
BRDA:17,4,0,0
BRDA:17,4,1,0
BRDA:22,5,0,0
BRDA:22,5,1,0
BRDA:29,6,0,1
BRDA:29,7,0,1
BRDA:29,8,0,1
BRDA:29,9,0,1
BRDA:32,10,0,0
BRDA:32,10,1,1
BRF:15
BRH:7
end_of_record
TN:
SF:services\codigos\generarCodigoService.js
FN:5,(anonymous_0)
FNF:1
FNH:0
FNDA:0,(anonymous_0)
DA:1,1
DA:2,1
DA:3,1
DA:5,1
DA:6,0
DA:8,0
DA:13,0
DA:14,0
DA:22,0
DA:30,0
DA:31,0
DA:32,0
DA:37,0
DA:38,0
DA:39,0
DA:43,0
DA:51,0
DA:54,0
DA:63,0
DA:78,1
LF:20
LH:5
BRDA:5,0,0,0
BRDA:13,1,0,0
BRDA:13,1,1,0
BRDA:22,2,0,0
BRDA:22,2,1,0
BRDA:23,3,0,0
BRDA:23,3,1,0
BRDA:23,3,2,0
BRDA:23,3,3,0
BRDA:23,3,4,0
BRDA:23,3,5,0
BRF:11
BRH:0
end_of_record
TN:
SF:services\codigos\obtenerCodigoService.js
FN:3,(anonymous_0)
FN:12,(anonymous_1)
FNF:2
FNH:0
FNDA:0,(anonymous_0)
FNDA:0,(anonymous_1)
DA:1,1
DA:3,1
DA:4,0
DA:5,0
DA:6,0
DA:8,0
DA:12,0
DA:28,1
LF:8
LH:3
BRDA:5,0,0,0
BRDA:5,0,1,0
BRDA:6,1,0,0
BRDA:6,1,1,0
BRDA:18,2,0,0
BRDA:18,2,1,0
BRF:6
BRH:0
end_of_record
TN:
SF:services\movimientos\crearMovimientoService.js
FN:3,(anonymous_0)
FNF:1
FNH:1
FNDA:13,(anonymous_0)
DA:1,1
DA:3,1
DA:12,13
DA:21,13
DA:24,1
LF:5
LH:5
BRDA:10,0,0,0
BRDA:21,1,0,13
BRDA:21,1,1,13
BRF:3
BRH:2
end_of_record
TN:
SF:services\movimientos\obtenerMovimientoService.js
FN:5,(anonymous_0)
FN:32,(anonymous_1)
FN:44,(anonymous_2)
FNF:3
FNH:0
FNDA:0,(anonymous_0)
FNDA:0,(anonymous_1)
FNDA:0,(anonymous_2)
DA:1,1
DA:2,1
DA:3,1
DA:5,1
DA:13,0
DA:15,0
DA:16,0
DA:17,0
DA:18,0
DA:21,0
DA:22,0
DA:23,0
DA:24,0
DA:27,0
DA:32,0
DA:43,0
DA:45,0
DA:49,0
DA:52,1
LF:19
LH:5
BRDA:15,0,0,0
BRDA:15,0,1,0
BRDA:16,1,0,0
BRDA:16,1,1,0
BRDA:17,2,0,0
BRDA:17,2,1,0
BRDA:17,3,0,0
BRDA:17,3,1,0
BRDA:21,4,0,0
BRDA:21,4,1,0
BRDA:21,5,0,0
BRDA:21,5,1,0
BRDA:23,6,0,0
BRDA:23,6,1,0
BRDA:24,7,0,0
BRDA:24,7,1,0
BRDA:43,8,0,0
BRDA:43,8,1,0
BRF:18
BRH:0
end_of_record
TN:
SF:services\usuarios\EditarUsuarioService.js
FN:4,(anonymous_0)
FNF:1
FNH:0
FNDA:0,(anonymous_0)
DA:1,1
DA:2,1
DA:4,1
DA:5,0
DA:7,0
DA:8,0
DA:14,0
DA:15,0
DA:16,0
DA:17,0
DA:21,0
DA:22,0
DA:28,0
DA:34,0
DA:35,0
DA:42,0
DA:44,0
DA:54,0
DA:57,1
LF:19
LH:4
BRDA:7,0,0,0
BRDA:7,0,1,0
BRDA:16,1,0,0
BRDA:16,1,1,0
BRDA:21,2,0,0
BRDA:21,2,1,0
BRDA:34,3,0,0
BRDA:34,3,1,0
BRDA:46,4,0,0
BRDA:46,4,1,0
BRF:10
BRH:0
end_of_record
TN:
SF:services\usuarios\cambiarEstadoActivoService.js
FN:4,(anonymous_0)
FNF:1
FNH:0
FNDA:0,(anonymous_0)
DA:1,1
DA:2,1
DA:4,1
DA:9,0
DA:10,0
DA:16,0
DA:17,0
DA:19,0
DA:23,0
DA:34,0
DA:40,1
LF:11
LH:4
BRDA:9,0,0,0
BRDA:9,0,1,0
BRDA:19,1,0,0
BRDA:19,1,1,0
BRDA:26,2,0,0
BRDA:26,2,1,0
BRF:6
BRH:0
end_of_record
TN:
SF:services\usuarios\cambiarPasswordService.js
FN:5,(anonymous_0)
FNF:1
FNH:0
FNDA:0,(anonymous_0)
DA:1,1
DA:2,1
DA:3,1
DA:5,1
DA:12,0
DA:13,0
DA:19,0
DA:20,0
DA:21,0
DA:25,0
DA:26,0
DA:31,0
DA:32,0
DA:34,0
DA:44,0
DA:47,1
LF:16
LH:5
BRDA:12,0,0,0
BRDA:12,0,1,0
BRDA:12,1,0,0
BRDA:12,1,1,0
BRDA:20,2,0,0
BRDA:20,2,1,0
BRDA:22,3,0,0
BRDA:22,3,1,0
BRDA:25,4,0,0
BRDA:25,4,1,0
BRDA:36,5,0,0
BRDA:36,5,1,0
BRF:12
BRH:0
end_of_record
TN:
SF:services\usuarios\cambiarRolService.js
FN:6,(anonymous_0)
FNF:1
FNH:0
FNDA:0,(anonymous_0)
DA:1,1
DA:2,1
DA:3,1
DA:4,1
DA:6,1
DA:12,0
DA:13,0
DA:16,0
DA:17,0
DA:24,0
DA:25,0
DA:32,0
DA:33,0
DA:34,0
DA:41,0
DA:42,0
DA:50,0
DA:55,0
DA:56,0
DA:64,0
DA:65,0
DA:66,0
DA:69,0
DA:81,0
DA:84,1
LF:25
LH:6
BRDA:16,0,0,0
BRDA:16,0,1,0
BRDA:24,1,0,0
BRDA:24,1,1,0
BRDA:32,2,0,0
BRDA:32,2,1,0
BRDA:33,3,0,0
BRDA:33,3,1,0
BRDA:41,4,0,0
BRDA:41,4,1,0
BRDA:41,5,0,0
BRDA:41,5,1,0
BRDA:55,6,0,0
BRDA:55,6,1,0
BRF:14
BRH:0
end_of_record
TN:
SF:services\usuarios\obtenerUsuariosService.js
FN:4,(anonymous_0)
FN:10,(anonymous_1)
FN:21,(anonymous_2)
FN:25,(anonymous_3)
FN:29,(anonymous_4)
FN:33,(anonymous_5)
FNF:6
FNH:0
FNDA:0,(anonymous_0)
FNDA:0,(anonymous_1)
FNDA:0,(anonymous_2)
FNDA:0,(anonymous_3)
FNDA:0,(anonymous_4)
FNDA:0,(anonymous_5)
DA:1,1
DA:2,1
DA:4,1
DA:5,0
DA:7,0
DA:11,0
DA:12,0
DA:13,0
DA:14,0
DA:16,0
DA:21,0
DA:25,0
DA:29,0
DA:33,0
DA:34,0
DA:35,0
DA:36,0
DA:40,0
DA:43,1
LF:19
LH:4
BRDA:4,0,0,0
BRDA:11,1,0,0
BRDA:11,1,1,0
BRDA:34,2,0,0
BRDA:34,2,1,0
BRF:5
BRH:0
end_of_record
TN:
SF:utils\httpResponse.js
FN:4,(anonymous_0)
FN:23,(anonymous_1)
FN:27,(anonymous_2)
FNF:3
FNH:3
FNDA:14,(anonymous_0)
FNDA:1,(anonymous_1)
FNDA:13,(anonymous_2)
DA:4,1
DA:8,14
DA:16,14
DA:19,14
DA:23,1
DA:24,1
DA:27,1
DA:28,13
DA:31,1
LF:9
LH:9
BRDA:6,0,0,0
BRDA:6,1,0,0
BRDA:6,2,0,0
BRDA:16,3,0,13
BRDA:16,3,1,1
BRDA:23,4,0,1
BRDA:27,5,0,0
BRF:7
BRH:3
end_of_record
TN:
SF:utils\logger.js
FN:2,(anonymous_0)
FNF:1
FNH:0
FNDA:0,(anonymous_0)
DA:2,1
DA:3,0
DA:4,0
DA:7,0
DA:11,1
LF:5
LH:2
BRDA:3,0,0,0
BRDA:3,0,1,0
BRDA:7,1,0,0
BRDA:7,1,1,0
BRF:4
BRH:0
end_of_record
TN:
SF:utils\verificarPermiso.js
FN:22,(anonymous_0)
FNF:1
FNH:1
FNDA:13,(anonymous_0)
DA:2,1
DA:3,1
DA:22,1
DA:28,13
DA:29,13
DA:31,13
DA:32,13
DA:34,13
DA:35,0
DA:36,0
DA:39,13
DA:40,0
DA:47,13
DA:56,1
LF:14
LH:11
BRDA:26,0,0,13
BRDA:32,1,0,0
BRDA:32,1,1,13
BRDA:34,2,0,0
BRDA:34,2,1,13
BRDA:39,3,0,0
BRDA:39,3,1,13
BRF:7
BRH:4
end_of_record
TN:
SF:utils\constantes\tiposMovimiento.js
FNF:0
FNH:0
DA:1,1
DA:15,1
LF:2
LH:2
BRF:0
BRH:0
end_of_record
TN:
SF:utils\movimientos\generarDescripcionMovimiento.js
FN:2,generarDescripcionMovimiento
FNF:1
FNH:0
FNDA:0,generarDescripcionMovimiento
DA:3,0
DA:6,0
DA:7,0
DA:10,0
DA:11,0
DA:13,0
DA:19,0
DA:21,0
DA:23,0
DA:25,0
DA:27,0
DA:29,0
DA:33,1
LF:13
LH:1
BRDA:6,0,0,0
BRDA:6,0,1,0
BRDA:6,1,0,0
BRDA:6,1,1,0
BRDA:10,2,0,0
BRDA:10,2,1,0
BRDA:11,3,0,0
BRDA:11,3,1,0
BRDA:19,4,0,0
BRDA:19,4,1,0
BRDA:21,5,0,0
BRDA:21,5,1,0
BRDA:21,5,2,0
BRDA:21,5,3,0
BRF:14
BRH:0
end_of_record
TN:
SF:utils\movimientos\obtenerCreadorPorEntidad.js
FN:4,(anonymous_0)
FNF:1
FNH:0
FNDA:0,(anonymous_0)
DA:2,1
DA:4,1
DA:5,0
DA:11,0
DA:12,0
DA:15,0
DA:18,1
LF:7
LH:3
BRDA:4,0,0,0
BRDA:9,1,0,0
BRDA:9,1,1,0
BRDA:11,2,0,0
BRDA:11,2,1,0
BRDA:11,3,0,0
BRDA:11,3,1,0
BRF:7
BRH:0
end_of_record
TN:
SF:utils\permisos\rolesJerarquia.js
FNF:0
FNH:0
DA:1,1
LF:1
LH:1
BRF:0
BRH:0
end_of_record
TN:
SF:utils\permisos\accionesPermiso\cliente\bajaDefinitivaCliente.js
FN:1,(anonymous_0)
FNF:1
FNH:0
FNDA:0,(anonymous_0)
DA:1,1
DA:2,0
DA:4,0
DA:5,0
DA:12,0
LF:5
LH:1
BRDA:4,0,0,0
BRDA:4,0,1,0
BRF:2
BRH:0
end_of_record
TN:
SF:utils\permisos\accionesPermiso\cliente\calificarCliente.js
FN:1,(anonymous_0)
FNF:1
FNH:1
FNDA:1,(anonymous_0)
DA:1,1
DA:2,1
DA:4,1
DA:6,1
DA:7,0
DA:13,1
LF:6
LH:5
BRDA:6,0,0,0
BRDA:6,0,1,1
BRF:2
BRH:1
end_of_record
TN:
SF:utils\permisos\accionesPermiso\cliente\crearCliente.js
FN:1,(anonymous_0)
FNF:1
FNH:1
FNDA:8,(anonymous_0)
DA:1,1
DA:2,8
DA:4,8
DA:6,8
DA:7,0
DA:13,8
LF:6
LH:5
BRDA:6,0,0,0
BRDA:6,0,1,8
BRF:2
BRH:1
end_of_record
TN:
SF:utils\permisos\accionesPermiso\cliente\editarCliente.js
FN:1,(anonymous_0)
FNF:1
FNH:1
FNDA:1,(anonymous_0)
DA:1,1
DA:2,1
DA:4,1
DA:6,1
DA:7,0
DA:13,1
LF:6
LH:5
BRDA:6,0,0,0
BRDA:6,0,1,1
BRF:2
BRH:1
end_of_record
TN:
SF:utils\permisos\accionesPermiso\cliente\reactivarCliente.js
FN:1,(anonymous_0)
FNF:1
FNH:1
FNDA:1,(anonymous_0)
DA:1,1
DA:2,1
DA:4,1
DA:6,1
DA:7,0
DA:13,1
LF:6
LH:5
BRDA:6,0,0,0
BRDA:6,0,1,1
BRF:2
BRH:1
end_of_record
TN:
SF:utils\permisos\accionesPermiso\cliente\suspenderCliente.js
FN:1,(anonymous_0)
FNF:1
FNH:1
FNDA:2,(anonymous_0)
DA:1,1
DA:2,2
DA:4,2
DA:6,2
DA:7,0
DA:13,2
LF:6
LH:5
BRDA:6,0,0,0
BRDA:6,0,1,2
BRF:2
BRH:1
end_of_record
TN:
SF:utils\permisos\accionesPermiso\usuario\cambiarEstado.js
FN:6,(anonymous_0)
FNF:1
FNH:0
FNDA:0,(anonymous_0)
DA:4,1
DA:6,1
DA:7,0
DA:8,0
DA:14,0
DA:15,0
DA:17,0
DA:18,0
DA:25,0
LF:9
LH:2
BRDA:7,0,0,0
BRDA:7,0,1,0
BRDA:17,1,0,0
BRDA:17,1,1,0
BRF:4
BRH:0
end_of_record
TN:
SF:utils\permisos\accionesPermiso\usuario\cambiarRolUsuario.js
FN:7,(anonymous_0)
FNF:1
FNH:0
FNDA:0,(anonymous_0)
DA:5,1
DA:7,1
DA:8,0
DA:9,0
DA:10,0
DA:12,0
DA:13,0
DA:19,0
DA:20,0
DA:28,0
DA:29,0
DA:35,0
LF:12
LH:2
BRDA:12,0,0,0
BRDA:12,0,1,0
BRDA:19,1,0,0
BRDA:19,1,1,0
BRDA:28,2,0,0
BRDA:28,2,1,0
BRF:6
BRH:0
end_of_record
TN:
SF:utils\permisos\accionesPermiso\usuario\editarUsuario.js
FN:6,(anonymous_0)
FNF:1
FNH:0
FNDA:0,(anonymous_0)
DA:4,1
DA:6,1
DA:7,0
DA:8,0
DA:9,0
DA:12,0
DA:13,0
DA:15,0
DA:16,0
DA:19,0
DA:21,0
DA:22,0
DA:28,0
DA:29,0
DA:35,0
LF:15
LH:2
BRDA:8,0,0,0
BRDA:8,0,1,0
BRDA:19,1,0,0
BRDA:19,1,1,0
BRDA:21,2,0,0
BRDA:21,2,1,0
BRDA:28,3,0,0
BRDA:28,3,1,0
BRDA:28,4,0,0
BRDA:28,4,1,0
BRF:10
BRH:0
end_of_record
TN:
SF:utils\permisos\accionesPermiso\usuario\eliminarUsuario.js
FN:6,(anonymous_0)
FNF:1
FNH:0
FNDA:0,(anonymous_0)
DA:4,1
DA:6,1
DA:7,0
DA:8,0
DA:14,0
DA:15,0
DA:17,0
DA:18,0
DA:24,0
LF:9
LH:2
BRDA:7,0,0,0
BRDA:7,0,1,0
BRDA:17,1,0,0
BRDA:17,1,1,0
BRF:4
BRH:0
end_of_record
TN:
SF:utils\permisos\accionesPermiso\usuario\generarCodigoAcceso.js
FN:2,(anonymous_0)
FNF:1
FNH:0
FNDA:0,(anonymous_0)
DA:2,1
DA:3,0
DA:4,0
DA:6,0
DA:7,0
DA:13,0
LF:6
LH:1
BRDA:6,0,0,0
BRDA:6,0,1,0
BRF:2
BRH:0
end_of_record
TN:
SF:utils\permisos\accionesPermiso\usuario\obtenerCodigoAcceso.js
FN:2,(anonymous_0)
FNF:1
FNH:0
FNDA:0,(anonymous_0)
DA:2,1
DA:4,0
DA:5,0
DA:8,0
LF:4
LH:1
BRDA:4,0,0,0
BRDA:4,0,1,0
BRF:2
BRH:0
end_of_record
TN:
SF:utils\permisos\accionesPermiso\usuario\obtenerUsuario.js
FN:2,(anonymous_0)
FNF:1
FNH:0
FNDA:0,(anonymous_0)
DA:2,1
DA:4,0
DA:5,0
DA:8,0
LF:4
LH:1
BRDA:4,0,0,0
BRDA:4,0,1,0
BRF:2
BRH:0
end_of_record
TN:
SF:utils\validadores\index.js
FNF:0
FNH:0
DA:3,1
DA:8,1
LF:2
LH:2
BRF:0
BRH:0
end_of_record
TN:
SF:utils\validadores\validarBooleano.js
FN:9,validarBooleano
FN:25,esBooleano
FNF:2
FNH:0
FNDA:0,validarBooleano
FNDA:0,esBooleano
DA:10,0
DA:11,0
DA:15,0
DA:26,0
DA:29,1
LF:5
LH:1
BRDA:9,0,0,0
BRDA:10,1,0,0
BRDA:10,1,1,0
BRF:3
BRH:0
end_of_record
